This is pdfTeX, Version 3.14159265-2.6-1.40.17 (MiKTeX 2.9.6210 64-bit) (preloaded format=pdflatex 2017.1.29)  5 FEB 2017 23:21
entering extended mode
**"./Presentation Neuroscience.tex"
("Presentation Neuroscience.tex"
LaTeX2e <2017/01/01> patch level 1
Babel <3.9r> and hyphenation patterns for 76 language(s) loaded.
("C:\Program Files\MiKTeX 2.9\tex\latex\beamer\beamer.cls"
Document Class: beamer 2017/01/22 v3.40 A class for typesetting presentations
("C:\Program Files\MiKTeX 2.9\tex\latex\etoolbox\etoolbox.sty"
Package: etoolbox 2017/01/02 v2.4 e-TeX tools for LaTeX (JAW)
\etb@tempcnta=\count79
)
("C:\Program Files\MiKTeX 2.9\tex\latex\beamer\beamerbasemodes.sty"
\beamer@tempbox=\box26
\beamer@tempcount=\count80
\c@beamerpauses=\count81

("C:\Program Files\MiKTeX 2.9\tex\latex\beamer\beamerbasedecode.sty"
\beamer@slideinframe=\count82
\beamer@minimum=\count83
)
\beamer@commentbox=\box27
\beamer@modecount=\count84
)
("C:\Program Files\MiKTeX 2.9\tex\generic\oberdiek\ifpdf.sty"
Package: ifpdf 2016/05/14 v3.1 Provides the ifpdf switch
)
\headheight=\dimen102
\headdp=\dimen103
\footheight=\dimen104
\sidebarheight=\dimen105
\beamer@tempdim=\dimen106
\beamer@finalheight=\dimen107
\beamer@animht=\dimen108
\beamer@animdp=\dimen109
\beamer@animwd=\dimen110
\beamer@leftmargin=\dimen111
\beamer@rightmargin=\dimen112
\beamer@leftsidebar=\dimen113
\beamer@rightsidebar=\dimen114
\beamer@boxsize=\dimen115
\beamer@vboxoffset=\dimen116
\beamer@descdefault=\dimen117
\beamer@descriptionwidth=\dimen118
\beamer@lastskip=\skip41
\beamer@areabox=\box28
\beamer@animcurrent=\box29
\beamer@animshowbox=\box30
\beamer@sectionbox=\box31
\beamer@logobox=\box32
\beamer@linebox=\box33
\beamer@sectioncount=\count85
\beamer@subsubsectionmax=\count86
\beamer@subsectionmax=\count87
\beamer@sectionmax=\count88
\beamer@totalheads=\count89
\beamer@headcounter=\count90
\beamer@partstartpage=\count91
\beamer@sectionstartpage=\count92
\beamer@subsectionstartpage=\count93
\beamer@animationtempa=\count94
\beamer@animationtempb=\count95
\beamer@xpos=\count96
\beamer@ypos=\count97
\beamer@showpartnumber=\count98
\beamer@currentsubsection=\count99
\beamer@coveringdepth=\count100
\beamer@sectionadjust=\count101
\beamer@tocsectionnumber=\count102

("C:\Program Files\MiKTeX 2.9\tex\latex\beamer\beamerbaseoptions.sty"
("C:\Program Files\MiKTeX 2.9\tex\latex\graphics\keyval.sty"
Package: keyval 2014/10/28 v1.15 key=value parser (DPC)
\KV@toks@=\toks14
))
\beamer@paperwidth=\skip42
\beamer@paperheight=\skip43

("C:\Program Files\MiKTeX 2.9\tex\latex\geometry\geometry.sty"
Package: geometry 2010/09/12 v5.6 Page Geometry

("C:\Program Files\MiKTeX 2.9\tex\generic\oberdiek\ifvtex.sty"
Package: ifvtex 2016/05/16 v1.6 Detect VTeX and its facilities (HO)
Package ifvtex Info: VTeX not detected.
)
("C:\Program Files\MiKTeX 2.9\tex\generic\ifxetex\ifxetex.sty"
Package: ifxetex 2010/09/12 v0.6 Provides ifxetex conditional
)
\Gm@cnth=\count103
\Gm@cntv=\count104
\c@Gm@tempcnt=\count105
\Gm@bindingoffset=\dimen119
\Gm@wd@mp=\dimen120
\Gm@odd@mp=\dimen121
\Gm@even@mp=\dimen122
\Gm@layoutwidth=\dimen123
\Gm@layoutheight=\dimen124
\Gm@layouthoffset=\dimen125
\Gm@layoutvoffset=\dimen126
\Gm@dimlist=\toks15

("C:\Program Files\MiKTeX 2.9\tex\latex\geometry\geometry.cfg"))
("C:\Program Files\MiKTeX 2.9\tex\latex\base\size12.clo"
File: size12.clo 2014/09/29 v1.4h Standard LaTeX file (size option)
)
("C:\Program Files\MiKTeX 2.9\tex\latex\pgf\basiclayer\pgfcore.sty"
("C:\Program Files\MiKTeX 2.9\tex\latex\graphics\graphicx.sty"
Package: graphicx 2014/10/28 v1.0g Enhanced LaTeX Graphics (DPC,SPQR)

("C:\Program Files\MiKTeX 2.9\tex\latex\graphics\graphics.sty"
Package: graphics 2016/10/09 v1.0u Standard LaTeX Graphics (DPC,SPQR)

("C:\Program Files\MiKTeX 2.9\tex\latex\graphics\trig.sty"
Package: trig 2016/01/03 v1.10 sin cos tan (DPC)
)
("C:\Program Files\MiKTeX 2.9\tex\latex\graphics-cfg\graphics.cfg"
File: graphics.cfg 2016/06/04 v1.11 sample graphics configuration
)
Package graphics Info: Driver file: pdftex.def on input line 99.

("C:\Program Files\MiKTeX 2.9\tex\latex\graphics-def\pdftex.def"
File: pdftex.def 2017/01/12 v0.06k Graphics/color for pdfTeX

("C:\Program Files\MiKTeX 2.9\tex\generic\oberdiek\infwarerr.sty"
Package: infwarerr 2016/05/16 v1.4 Providing info/warning/error messages (HO)
)
("C:\Program Files\MiKTeX 2.9\tex\generic\oberdiek\ltxcmds.sty"
Package: ltxcmds 2016/05/16 v1.23 LaTeX kernel commands for general use (HO)
)
\Gread@gobject=\count106
))
\Gin@req@height=\dimen127
\Gin@req@width=\dimen128
)
("C:\Program Files\MiKTeX 2.9\tex\latex\pgf\systemlayer\pgfsys.sty"
("C:\Program Files\MiKTeX 2.9\tex\latex\pgf\utilities\pgfrcs.sty"
("C:\Program Files\MiKTeX 2.9\tex\generic\pgf\utilities\pgfutil-common.tex"
\pgfutil@everybye=\toks16
\pgfutil@tempdima=\dimen129
\pgfutil@tempdimb=\dimen130

("C:\Program Files\MiKTeX 2.9\tex\generic\pgf\utilities\pgfutil-common-lists.te
x")) ("C:\Program Files\MiKTeX 2.9\tex\generic\pgf\utilities\pgfutil-latex.def"
\pgfutil@abb=\box34
("C:\Program Files\MiKTeX 2.9\tex\latex\ms\everyshi.sty"
Package: everyshi 2001/05/15 v3.00 EveryShipout Package (MS)
))
("C:\Program Files\MiKTeX 2.9\tex\generic\pgf\utilities\pgfrcs.code.tex"
Package: pgfrcs 2015/08/07 v3.0.1a (rcs-revision 1.31)
))
("C:\Program Files\MiKTeX 2.9\tex\generic\pgf\systemlayer\pgfsys.code.tex"
Package: pgfsys 2014/07/09 v3.0.1a (rcs-revision 1.48)

("C:\Program Files\MiKTeX 2.9\tex\generic\pgf\utilities\pgfkeys.code.tex"
\pgfkeys@pathtoks=\toks17
\pgfkeys@temptoks=\toks18

("C:\Program Files\MiKTeX 2.9\tex\generic\pgf\utilities\pgfkeysfiltered.code.te
x"
\pgfkeys@tmptoks=\toks19
))
\pgf@x=\dimen131
\pgf@y=\dimen132
\pgf@xa=\dimen133
\pgf@ya=\dimen134
\pgf@xb=\dimen135
\pgf@yb=\dimen136
\pgf@xc=\dimen137
\pgf@yc=\dimen138
\w@pgf@writea=\write3
\r@pgf@reada=\read1
\c@pgf@counta=\count107
\c@pgf@countb=\count108
\c@pgf@countc=\count109
\c@pgf@countd=\count110
\t@pgf@toka=\toks20
\t@pgf@tokb=\toks21
\t@pgf@tokc=\toks22
 ("C:\Program Files\MiKTeX 2.9\tex\generic\pgf\systemlayer\pgf.cfg"
File: pgf.cfg 2008/05/14  (rcs-revision 1.7)
)
Driver file for pgf: pgfsys-pdftex.def

("C:\Program Files\MiKTeX 2.9\tex\generic\pgf\systemlayer\pgfsys-pdftex.def"
File: pgfsys-pdftex.def 2014/10/11  (rcs-revision 1.35)

("C:\Program Files\MiKTeX 2.9\tex\generic\pgf\systemlayer\pgfsys-common-pdf.def
"
File: pgfsys-common-pdf.def 2013/10/10  (rcs-revision 1.13)
)))
("C:\Program Files\MiKTeX 2.9\tex\generic\pgf\systemlayer\pgfsyssoftpath.code.t
ex"
File: pgfsyssoftpath.code.tex 2013/09/09  (rcs-revision 1.9)
\pgfsyssoftpath@smallbuffer@items=\count111
\pgfsyssoftpath@bigbuffer@items=\count112
)
("C:\Program Files\MiKTeX 2.9\tex\generic\pgf\systemlayer\pgfsysprotocol.code.t
ex"
File: pgfsysprotocol.code.tex 2006/10/16  (rcs-revision 1.4)
)) ("C:\Program Files\MiKTeX 2.9\tex\latex\xcolor\xcolor.sty"
Package: xcolor 2016/05/11 v2.12 LaTeX color extensions (UK)

("C:\Program Files\MiKTeX 2.9\tex\latex\graphics-cfg\color.cfg"
File: color.cfg 2016/01/02 v1.6 sample color configuration
)
Package xcolor Info: Driver file: pdftex.def on input line 225.
Package xcolor Info: Model `cmy' substituted by `cmy0' on input line 1348.
Package xcolor Info: Model `hsb' substituted by `rgb' on input line 1352.
Package xcolor Info: Model `RGB' extended on input line 1364.
Package xcolor Info: Model `HTML' substituted by `rgb' on input line 1366.
Package xcolor Info: Model `Hsb' substituted by `hsb' on input line 1367.
Package xcolor Info: Model `tHsb' substituted by `hsb' on input line 1368.
Package xcolor Info: Model `HSB' substituted by `hsb' on input line 1369.
Package xcolor Info: Model `Gray' substituted by `gray' on input line 1370.
Package xcolor Info: Model `wave' substituted by `hsb' on input line 1371.
)
("C:\Program Files\MiKTeX 2.9\tex\generic\pgf\basiclayer\pgfcore.code.tex"
Package: pgfcore 2010/04/11 v3.0.1a (rcs-revision 1.7)

("C:\Program Files\MiKTeX 2.9\tex\generic\pgf\math\pgfmath.code.tex"
("C:\Program Files\MiKTeX 2.9\tex\generic\pgf\math\pgfmathcalc.code.tex"
("C:\Program Files\MiKTeX 2.9\tex\generic\pgf\math\pgfmathutil.code.tex")
("C:\Program Files\MiKTeX 2.9\tex\generic\pgf\math\pgfmathparser.code.tex"
\pgfmath@dimen=\dimen139
\pgfmath@count=\count113
\pgfmath@box=\box35
\pgfmath@toks=\toks23
\pgfmath@stack@operand=\toks24
\pgfmath@stack@operation=\toks25
)
("C:\Program Files\MiKTeX 2.9\tex\generic\pgf\math\pgfmathfunctions.code.tex"
("C:\Program Files\MiKTeX 2.9\tex\generic\pgf\math\pgfmathfunctions.basic.code.
tex")
("C:\Program Files\MiKTeX 2.9\tex\generic\pgf\math\pgfmathfunctions.trigonometr
ic.code.tex")
("C:\Program Files\MiKTeX 2.9\tex\generic\pgf\math\pgfmathfunctions.random.code
.tex")
("C:\Program Files\MiKTeX 2.9\tex\generic\pgf\math\pgfmathfunctions.comparison.
code.tex")
("C:\Program Files\MiKTeX 2.9\tex\generic\pgf\math\pgfmathfunctions.base.code.t
ex")
("C:\Program Files\MiKTeX 2.9\tex\generic\pgf\math\pgfmathfunctions.round.code.
tex")
("C:\Program Files\MiKTeX 2.9\tex\generic\pgf\math\pgfmathfunctions.misc.code.t
ex")
("C:\Program Files\MiKTeX 2.9\tex\generic\pgf\math\pgfmathfunctions.integerarit
hmetics.code.tex")))
("C:\Program Files\MiKTeX 2.9\tex\generic\pgf\math\pgfmathfloat.code.tex"
\c@pgfmathroundto@lastzeros=\count114
))
("C:\Program Files\MiKTeX 2.9\tex\generic\pgf\basiclayer\pgfcorepoints.code.tex
"
File: pgfcorepoints.code.tex 2013/10/07  (rcs-revision 1.27)
\pgf@picminx=\dimen140
\pgf@picmaxx=\dimen141
\pgf@picminy=\dimen142
\pgf@picmaxy=\dimen143
\pgf@pathminx=\dimen144
\pgf@pathmaxx=\dimen145
\pgf@pathminy=\dimen146
\pgf@pathmaxy=\dimen147
\pgf@xx=\dimen148
\pgf@xy=\dimen149
\pgf@yx=\dimen150
\pgf@yy=\dimen151
\pgf@zx=\dimen152
\pgf@zy=\dimen153
)
("C:\Program Files\MiKTeX 2.9\tex\generic\pgf\basiclayer\pgfcorepathconstruct.c
ode.tex"
File: pgfcorepathconstruct.code.tex 2013/10/07  (rcs-revision 1.29)
\pgf@path@lastx=\dimen154
\pgf@path@lasty=\dimen155
)
("C:\Program Files\MiKTeX 2.9\tex\generic\pgf\basiclayer\pgfcorepathusage.code.
tex"
File: pgfcorepathusage.code.tex 2014/11/02  (rcs-revision 1.24)
\pgf@shorten@end@additional=\dimen156
\pgf@shorten@start@additional=\dimen157
)
("C:\Program Files\MiKTeX 2.9\tex\generic\pgf\basiclayer\pgfcorescopes.code.tex
"
File: pgfcorescopes.code.tex 2015/05/08  (rcs-revision 1.46)
\pgfpic=\box36
\pgf@hbox=\box37
\pgf@layerbox@main=\box38
\pgf@picture@serial@count=\count115
)
("C:\Program Files\MiKTeX 2.9\tex\generic\pgf\basiclayer\pgfcoregraphicstate.co
de.tex"
File: pgfcoregraphicstate.code.tex 2014/11/02  (rcs-revision 1.12)
\pgflinewidth=\dimen158
)
("C:\Program Files\MiKTeX 2.9\tex\generic\pgf\basiclayer\pgfcoretransformations
.code.tex"
File: pgfcoretransformations.code.tex 2015/08/07  (rcs-revision 1.20)
\pgf@pt@x=\dimen159
\pgf@pt@y=\dimen160
\pgf@pt@temp=\dimen161
)
("C:\Program Files\MiKTeX 2.9\tex\generic\pgf\basiclayer\pgfcorequick.code.tex"
File: pgfcorequick.code.tex 2008/10/09  (rcs-revision 1.3)
)
("C:\Program Files\MiKTeX 2.9\tex\generic\pgf\basiclayer\pgfcoreobjects.code.te
x"
File: pgfcoreobjects.code.tex 2006/10/11  (rcs-revision 1.2)
)
("C:\Program Files\MiKTeX 2.9\tex\generic\pgf\basiclayer\pgfcorepathprocessing.
code.tex"
File: pgfcorepathprocessing.code.tex 2013/09/09  (rcs-revision 1.9)
)
("C:\Program Files\MiKTeX 2.9\tex\generic\pgf\basiclayer\pgfcorearrows.code.tex
"
File: pgfcorearrows.code.tex 2015/05/14  (rcs-revision 1.43)
\pgfarrowsep=\dimen162
)
("C:\Program Files\MiKTeX 2.9\tex\generic\pgf\basiclayer\pgfcoreshade.code.tex"
File: pgfcoreshade.code.tex 2013/07/15  (rcs-revision 1.15)
\pgf@max=\dimen163
\pgf@sys@shading@range@num=\count116
) ("C:\Program Files\MiKTeX 2.9\tex\generic\pgf\basiclayer\pgfcoreimage.code.te
x"
File: pgfcoreimage.code.tex 2013/07/15  (rcs-revision 1.18)

("C:\Program Files\MiKTeX 2.9\tex\generic\pgf\basiclayer\pgfcoreexternal.code.t
ex"
File: pgfcoreexternal.code.tex 2014/07/09  (rcs-revision 1.21)
\pgfexternal@startupbox=\box39
))
("C:\Program Files\MiKTeX 2.9\tex\generic\pgf\basiclayer\pgfcorelayers.code.tex
"
File: pgfcorelayers.code.tex 2013/07/18  (rcs-revision 1.7)
)
("C:\Program Files\MiKTeX 2.9\tex\generic\pgf\basiclayer\pgfcoretransparency.co
de.tex"
File: pgfcoretransparency.code.tex 2013/09/30  (rcs-revision 1.5)
)
("C:\Program Files\MiKTeX 2.9\tex\generic\pgf\basiclayer\pgfcorepatterns.code.t
ex"
File: pgfcorepatterns.code.tex 2013/11/07  (rcs-revision 1.5)
))) ("C:\Program Files\MiKTeX 2.9\tex\latex\pgf\utilities\xxcolor.sty"
Package: xxcolor 2003/10/24 ver 0.1
\XC@nummixins=\count117
\XC@countmixins=\count118
)
("C:\Program Files\MiKTeX 2.9\tex\generic\oberdiek\atbegshi.sty"
Package: atbegshi 2016/06/09 v1.18 At begin shipout hook (HO)
)
("C:\Program Files\MiKTeX 2.9\tex\latex\hyperref\hyperref.sty"
Package: hyperref 2016/06/24 v6.83q Hypertext links for LaTeX

("C:\Program Files\MiKTeX 2.9\tex\generic\oberdiek\hobsub-hyperref.sty"
Package: hobsub-hyperref 2016/05/16 v1.14 Bundle oberdiek, subset hyperref (HO)


("C:\Program Files\MiKTeX 2.9\tex\generic\oberdiek\hobsub-generic.sty"
Package: hobsub-generic 2016/05/16 v1.14 Bundle oberdiek, subset generic (HO)
Package: hobsub 2016/05/16 v1.14 Construct package bundles (HO)
Package hobsub Info: Skipping package `infwarerr' (already loaded).
Package hobsub Info: Skipping package `ltxcmds' (already loaded).
Package: ifluatex 2016/05/16 v1.4 Provides the ifluatex switch (HO)
Package ifluatex Info: LuaTeX not detected.
Package hobsub Info: Skipping package `ifvtex' (already loaded).
Package: intcalc 2016/05/16 v1.2 Expandable calculations with integers (HO)
Package hobsub Info: Skipping package `ifpdf' (already loaded).
Package: etexcmds 2016/05/16 v1.6 Avoid name clashes with e-TeX commands (HO)
Package etexcmds Info: Could not find \expanded.
(etexcmds)             That can mean that you are not using pdfTeX 1.50 or
(etexcmds)             that some package has redefined \expanded.
(etexcmds)             In the latter case, load this package earlier.
Package: kvsetkeys 2016/05/16 v1.17 Key value parser (HO)
Package: kvdefinekeys 2016/05/16 v1.4 Define keys (HO)
Package: pdftexcmds 2016/05/21 v0.22 Utility functions of pdfTeX for LuaTeX (HO
)
Package pdftexcmds Info: LuaTeX not detected.
Package pdftexcmds Info: \pdf@primitive is available.
Package pdftexcmds Info: \pdf@ifprimitive is available.
Package pdftexcmds Info: \pdfdraftmode found.
Package: pdfescape 2016/05/16 v1.14 Implements pdfTeX's escape features (HO)
Package: bigintcalc 2016/05/16 v1.4 Expandable calculations on big integers (HO
)
Package: bitset 2016/05/16 v1.2 Handle bit-vector datatype (HO)
Package: uniquecounter 2016/05/16 v1.3 Provide unlimited unique counter (HO)
)
Package hobsub Info: Skipping package `hobsub' (already loaded).
Package: letltxmacro 2016/05/16 v1.5 Let assignment for LaTeX macros (HO)
Package: hopatch 2016/05/16 v1.3 Wrapper for package hooks (HO)
Package: xcolor-patch 2016/05/16 xcolor patch
Package: atveryend 2016/05/16 v1.9 Hooks at the very end of document (HO)
Package hobsub Info: Skipping package `atbegshi' (already loaded).
Package: refcount 2016/05/16 v3.5 Data extraction from label references (HO)
Package: hycolor 2016/05/16 v1.8 Color options for hyperref/bookmark (HO)
)
("C:\Program Files\MiKTeX 2.9\tex\latex\oberdiek\auxhook.sty"
Package: auxhook 2016/05/16 v1.4 Hooks for auxiliary files (HO)
)
("C:\Program Files\MiKTeX 2.9\tex\latex\oberdiek\kvoptions.sty"
Package: kvoptions 2016/05/16 v3.12 Key value format for package options (HO)
)
\@linkdim=\dimen164
\Hy@linkcounter=\count119
\Hy@pagecounter=\count120

("C:\Program Files\MiKTeX 2.9\tex\latex\hyperref\pd1enc.def"
File: pd1enc.def 2016/06/24 v6.83q Hyperref: PDFDocEncoding definition (HO)
)
\Hy@SavedSpaceFactor=\count121

("C:\Program Files\MiKTeX 2.9\tex\latex\00miktex\hyperref.cfg"
File: hyperref.cfg 2002/06/06 v1.2 hyperref configuration of TeXLive
)
Package hyperref Info: Option `bookmarks' set `true' on input line 4362.
Package hyperref Info: Option `bookmarksopen' set `true' on input line 4362.
Package hyperref Info: Option `implicit' set `false' on input line 4362.
Package hyperref Info: Hyper figures OFF on input line 4486.
Package hyperref Info: Link nesting OFF on input line 4491.
Package hyperref Info: Hyper index ON on input line 4494.
Package hyperref Info: Plain pages OFF on input line 4501.
Package hyperref Info: Backreferencing OFF on input line 4506.
Package hyperref Info: Implicit mode OFF; no redefinition of LaTeX internals.
Package hyperref Info: Bookmarks ON on input line 4735.
\c@Hy@tempcnt=\count122

("C:\Program Files\MiKTeX 2.9\tex\latex\url\url.sty"
\Urlmuskip=\muskip10
Package: url 2013/09/16  ver 3.4  Verb mode for urls, etc.
)
LaTeX Info: Redefining \url on input line 5088.
\XeTeXLinkMargin=\dimen165
\Fld@menulength=\count123
\Field@Width=\dimen166
\Fld@charsize=\dimen167
Package hyperref Info: Hyper figures OFF on input line 6342.
Package hyperref Info: Link nesting OFF on input line 6347.
Package hyperref Info: Hyper index ON on input line 6350.
Package hyperref Info: backreferencing OFF on input line 6357.
Package hyperref Info: Link coloring OFF on input line 6362.
Package hyperref Info: Link coloring with OCG OFF on input line 6367.
Package hyperref Info: PDF/A mode OFF on input line 6372.
LaTeX Info: Redefining \ref on input line 6412.
LaTeX Info: Redefining \pageref on input line 6416.
\Hy@abspage=\count124


Package hyperref Message: Stopped early.

)

Package hyperref Message: Driver (autodetected): hpdftex.

("C:\Program Files\MiKTeX 2.9\tex\latex\hyperref\hpdftex.def"
File: hpdftex.def 2016/06/24 v6.83q Hyperref driver for pdfTeX
\Fld@listcount=\count125
\c@bookmark@seq@number=\count126

("C:\Program Files\MiKTeX 2.9\tex\latex\oberdiek\rerunfilecheck.sty"
Package: rerunfilecheck 2016/05/16 v1.8 Rerun checks for auxiliary files (HO)
Package uniquecounter Info: New unique counter `rerunfilecheck' on input line 2
82.
))
("C:\Program Files\MiKTeX 2.9\tex\latex\beamer\beamerbaserequires.sty"
("C:\Program Files\MiKTeX 2.9\tex\latex\beamer\beamerbasecompatibility.sty")
("C:\Program Files\MiKTeX 2.9\tex\latex\beamer\beamerbasefont.sty"
("C:\Program Files\MiKTeX 2.9\tex\latex\amsfonts\amssymb.sty"
Package: amssymb 2013/01/14 v3.01 AMS font symbols

("C:\Program Files\MiKTeX 2.9\tex\latex\amsfonts\amsfonts.sty"
Package: amsfonts 2013/01/14 v3.01 Basic AMSFonts support
\@emptytoks=\toks26
\symAMSa=\mathgroup4
\symAMSb=\mathgroup5
LaTeX Font Info:    Overwriting math alphabet `\mathfrak' in version `bold'
(Font)                  U/euf/m/n --> U/euf/b/n on input line 106.
))
("C:\Program Files\MiKTeX 2.9\tex\latex\sansmathaccent\sansmathaccent.sty"
Package: sansmathaccent 2013/03/28

("C:\Program Files\MiKTeX 2.9\tex\latex\filehook\filehook.sty"
Package: filehook 2011/10/12 v0.5d Hooks for input files
)))
("C:\Program Files\MiKTeX 2.9\tex\latex\beamer\beamerbasetranslator.sty"
("C:\Program Files\MiKTeX 2.9\tex\latex\beamer\translator\translator.sty"
Package: translator 2010/06/12 ver 1.10

("C:\Program Files\MiKTeX 2.9\tex\latex\beamer\translator\translator-language-m
appings.tex")))
("C:\Program Files\MiKTeX 2.9\tex\latex\beamer\beamerbasemisc.sty")
("C:\Program Files\MiKTeX 2.9\tex\latex\beamer\beamerbasetwoscreens.sty")
("C:\Program Files\MiKTeX 2.9\tex\latex\beamer\beamerbaseoverlay.sty"
\beamer@argscount=\count127
\beamer@lastskipcover=\skip44
\beamer@trivlistdepth=\count128
)
("C:\Program Files\MiKTeX 2.9\tex\latex\beamer\beamerbasetitle.sty")
("C:\Program Files\MiKTeX 2.9\tex\latex\beamer\beamerbasesection.sty"
\c@lecture=\count129
\c@part=\count130
\c@section=\count131
\c@subsection=\count132
\c@subsubsection=\count133
)
("C:\Program Files\MiKTeX 2.9\tex\latex\beamer\beamerbaseframe.sty"
\beamer@framebox=\box40
\beamer@frametitlebox=\box41
\beamer@zoombox=\box42
\beamer@zoomcount=\count134
\beamer@zoomframecount=\count135
\beamer@frametextheight=\dimen168
\c@subsectionslide=\count136
\beamer@frametopskip=\skip45
\beamer@framebottomskip=\skip46
\beamer@frametopskipautobreak=\skip47
\beamer@framebottomskipautobreak=\skip48
\beamer@envbody=\toks27
\framewidth=\dimen169
\c@framenumber=\count137
)
("C:\Program Files\MiKTeX 2.9\tex\latex\beamer\beamerbaseverbatim.sty"
\beamer@verbatimfileout=\write4
)
("C:\Program Files\MiKTeX 2.9\tex\latex\beamer\beamerbaseframesize.sty"
\beamer@splitbox=\box43
\beamer@autobreakcount=\count138
\beamer@autobreaklastheight=\dimen170
\beamer@frametitletoks=\toks28
\beamer@framesubtitletoks=\toks29
)
("C:\Program Files\MiKTeX 2.9\tex\latex\beamer\beamerbaseframecomponents.sty"
\beamer@footins=\box44
)
("C:\Program Files\MiKTeX 2.9\tex\latex\beamer\beamerbasecolor.sty")
("C:\Program Files\MiKTeX 2.9\tex\latex\beamer\beamerbasenotes.sty"
\beamer@frameboxcopy=\box45
)
("C:\Program Files\MiKTeX 2.9\tex\latex\beamer\beamerbasetoc.sty")
("C:\Program Files\MiKTeX 2.9\tex\latex\beamer\beamerbasetemplates.sty"
\beamer@sbttoks=\toks30

("C:\Program Files\MiKTeX 2.9\tex\latex\beamer\beamerbaseauxtemplates.sty"
("C:\Program Files\MiKTeX 2.9\tex\latex\beamer\beamerbaseboxes.sty"
\bmb@box=\box46
\bmb@colorbox=\box47
\bmb@boxshadow=\box48
\bmb@boxshadowball=\box49
\bmb@boxshadowballlarge=\box50
\bmb@temp=\dimen171
\bmb@dima=\dimen172
\bmb@dimb=\dimen173
\bmb@prevheight=\dimen174
)
\beamer@blockheadheight=\dimen175
))
("C:\Program Files\MiKTeX 2.9\tex\latex\beamer\beamerbaselocalstructure.sty"
("C:\Program Files\MiKTeX 2.9\tex\latex\tools\enumerate.sty"
Package: enumerate 2015/07/23 v3.00 enumerate extensions (DPC)
\@enLab=\toks31
)
\c@figure=\count139
\c@table=\count140
\abovecaptionskip=\skip49
\belowcaptionskip=\skip50
)
("C:\Program Files\MiKTeX 2.9\tex\latex\beamer\beamerbasenavigation.sty"
\beamer@section@min@dim=\dimen176
)
("C:\Program Files\MiKTeX 2.9\tex\latex\beamer\beamerbasetheorems.sty"
("C:\Program Files\MiKTeX 2.9\tex\latex\amsmath\amsmath.sty"
Package: amsmath 2016/11/05 v2.16a AMS math features
\@mathmargin=\skip51

For additional information on amsmath, use the `?' option.
("C:\Program Files\MiKTeX 2.9\tex\latex\amsmath\amstext.sty"
Package: amstext 2000/06/29 v2.01 AMS text

("C:\Program Files\MiKTeX 2.9\tex\latex\amsmath\amsgen.sty"
File: amsgen.sty 1999/11/30 v2.0 generic functions
\@emptytoks=\toks32
\ex@=\dimen177
))
("C:\Program Files\MiKTeX 2.9\tex\latex\amsmath\amsbsy.sty"
Package: amsbsy 1999/11/29 v1.2d Bold Symbols
\pmbraise@=\dimen178
)
("C:\Program Files\MiKTeX 2.9\tex\latex\amsmath\amsopn.sty"
Package: amsopn 2016/03/08 v2.02 operator names
)
\inf@bad=\count141
LaTeX Info: Redefining \frac on input line 213.
\uproot@=\count142
\leftroot@=\count143
LaTeX Info: Redefining \overline on input line 375.
\classnum@=\count144
\DOTSCASE@=\count145
LaTeX Info: Redefining \ldots on input line 472.
LaTeX Info: Redefining \dots on input line 475.
LaTeX Info: Redefining \cdots on input line 596.
\Mathstrutbox@=\box51
\strutbox@=\box52
\big@size=\dimen179
LaTeX Font Info:    Redeclaring font encoding OML on input line 712.
LaTeX Font Info:    Redeclaring font encoding OMS on input line 713.
\macc@depth=\count146
\c@MaxMatrixCols=\count147
\dotsspace@=\muskip11
\c@parentequation=\count148
\dspbrk@lvl=\count149
\tag@help=\toks33
\row@=\count150
\column@=\count151
\maxfields@=\count152
\andhelp@=\toks34
\eqnshift@=\dimen180
\alignsep@=\dimen181
\tagshift@=\dimen182
\tagwidth@=\dimen183
\totwidth@=\dimen184
\lineht@=\dimen185
\@envbody=\toks35
\multlinegap=\skip52
\multlinetaggap=\skip53
\mathdisplay@stack=\toks36
LaTeX Info: Redefining \[ on input line 2817.
LaTeX Info: Redefining \] on input line 2818.
)
("C:\Program Files\MiKTeX 2.9\tex\latex\amscls\amsthm.sty"
Package: amsthm 2015/03/04 v2.20.2
\thm@style=\toks37
\thm@bodyfont=\toks38
\thm@headfont=\toks39
\thm@notefont=\toks40
\thm@headpunct=\toks41
\thm@preskip=\skip54
\thm@postskip=\skip55
\thm@headsep=\skip56
\dth@everypar=\toks42
)
\c@theorem=\count153
)
("C:\Program Files\MiKTeX 2.9\tex\latex\beamer\beamerbasethemes.sty"))
("C:\Program Files\MiKTeX 2.9\tex\latex\beamer\themes\theme\beamerthemedefault.
sty"
("C:\Program Files\MiKTeX 2.9\tex\latex\beamer\themes\font\beamerfontthemedefau
lt.sty")
("C:\Program Files\MiKTeX 2.9\tex\latex\beamer\themes\color\beamercolorthemedef
ault.sty")
("C:\Program Files\MiKTeX 2.9\tex\latex\beamer\themes\inner\beamerinnerthemedef
ault.sty"
\beamer@dima=\dimen186
\beamer@dimb=\dimen187
)
("C:\Program Files\MiKTeX 2.9\tex\latex\beamer\themes\outer\beamerouterthemedef
ault.sty")))
("C:\Program Files\MiKTeX 2.9\tex\latex\beamer\themes\theme\beamerthemeMadrid.s
ty"
("C:\Program Files\MiKTeX 2.9\tex\latex\beamer\themes\color\beamercolorthemewha
le.sty")
("C:\Program Files\MiKTeX 2.9\tex\latex\beamer\themes\color\beamercolorthemeorc
hid.sty")
("C:\Program Files\MiKTeX 2.9\tex\latex\beamer\themes\inner\beamerinnerthemerou
nded.sty")
("C:\Program Files\MiKTeX 2.9\tex\latex\beamer\themes\outer\beamerouterthemeinf
olines.sty")) ("C:\Program Files\MiKTeX 2.9\tex\latex\base\inputenc.sty"
Package: inputenc 2015/03/17 v1.2c Input encoding file
\inpenc@prehook=\toks43
\inpenc@posthook=\toks44

("C:\Program Files\MiKTeX 2.9\tex\latex\base\utf8.def"
File: utf8.def 2016/02/28 v1.1s UTF-8 support for inputenc
Now handling font encoding OML ...
... no UTF-8 mapping file for font encoding OML
Now handling font encoding T1 ...
... processing UTF-8 mapping file for font encoding T1

("C:\Program Files\MiKTeX 2.9\tex\latex\base\t1enc.dfu"
File: t1enc.dfu 2016/02/28 v1.1s UTF-8 support for inputenc
   defining Unicode char U+00A0 (decimal 160)
   defining Unicode char U+00A1 (decimal 161)
   defining Unicode char U+00A3 (decimal 163)
   defining Unicode char U+00AB (decimal 171)
   defining Unicode char U+00AD (decimal 173)
   defining Unicode char U+00BB (decimal 187)
   defining Unicode char U+00BF (decimal 191)
   defining Unicode char U+00C0 (decimal 192)
   defining Unicode char U+00C1 (decimal 193)
   defining Unicode char U+00C2 (decimal 194)
   defining Unicode char U+00C3 (decimal 195)
   defining Unicode char U+00C4 (decimal 196)
   defining Unicode char U+00C5 (decimal 197)
   defining Unicode char U+00C6 (decimal 198)
   defining Unicode char U+00C7 (decimal 199)
   defining Unicode char U+00C8 (decimal 200)
   defining Unicode char U+00C9 (decimal 201)
   defining Unicode char U+00CA (decimal 202)
   defining Unicode char U+00CB (decimal 203)
   defining Unicode char U+00CC (decimal 204)
   defining Unicode char U+00CD (decimal 205)
   defining Unicode char U+00CE (decimal 206)
   defining Unicode char U+00CF (decimal 207)
   defining Unicode char U+00D0 (decimal 208)
   defining Unicode char U+00D1 (decimal 209)
   defining Unicode char U+00D2 (decimal 210)
   defining Unicode char U+00D3 (decimal 211)
   defining Unicode char U+00D4 (decimal 212)
   defining Unicode char U+00D5 (decimal 213)
   defining Unicode char U+00D6 (decimal 214)
   defining Unicode char U+00D8 (decimal 216)
   defining Unicode char U+00D9 (decimal 217)
   defining Unicode char U+00DA (decimal 218)
   defining Unicode char U+00DB (decimal 219)
   defining Unicode char U+00DC (decimal 220)
   defining Unicode char U+00DD (decimal 221)
   defining Unicode char U+00DE (decimal 222)
   defining Unicode char U+00DF (decimal 223)
   defining Unicode char U+00E0 (decimal 224)
   defining Unicode char U+00E1 (decimal 225)
   defining Unicode char U+00E2 (decimal 226)
   defining Unicode char U+00E3 (decimal 227)
   defining Unicode char U+00E4 (decimal 228)
   defining Unicode char U+00E5 (decimal 229)
   defining Unicode char U+00E6 (decimal 230)
   defining Unicode char U+00E7 (decimal 231)
   defining Unicode char U+00E8 (decimal 232)
   defining Unicode char U+00E9 (decimal 233)
   defining Unicode char U+00EA (decimal 234)
   defining Unicode char U+00EB (decimal 235)
   defining Unicode char U+00EC (decimal 236)
   defining Unicode char U+00ED (decimal 237)
   defining Unicode char U+00EE (decimal 238)
   defining Unicode char U+00EF (decimal 239)
   defining Unicode char U+00F0 (decimal 240)
   defining Unicode char U+00F1 (decimal 241)
   defining Unicode char U+00F2 (decimal 242)
   defining Unicode char U+00F3 (decimal 243)
   defining Unicode char U+00F4 (decimal 244)
   defining Unicode char U+00F5 (decimal 245)
   defining Unicode char U+00F6 (decimal 246)
   defining Unicode char U+00F8 (decimal 248)
   defining Unicode char U+00F9 (decimal 249)
   defining Unicode char U+00FA (decimal 250)
   defining Unicode char U+00FB (decimal 251)
   defining Unicode char U+00FC (decimal 252)
   defining Unicode char U+00FD (decimal 253)
   defining Unicode char U+00FE (decimal 254)
   defining Unicode char U+00FF (decimal 255)
   defining Unicode char U+0100 (decimal 256)
   defining Unicode char U+0101 (decimal 257)
   defining Unicode char U+0102 (decimal 258)
   defining Unicode char U+0103 (decimal 259)
   defining Unicode char U+0104 (decimal 260)
   defining Unicode char U+0105 (decimal 261)
   defining Unicode char U+0106 (decimal 262)
   defining Unicode char U+0107 (decimal 263)
   defining Unicode char U+0108 (decimal 264)
   defining Unicode char U+0109 (decimal 265)
   defining Unicode char U+010A (decimal 266)
   defining Unicode char U+010B (decimal 267)
   defining Unicode char U+010C (decimal 268)
   defining Unicode char U+010D (decimal 269)
   defining Unicode char U+010E (decimal 270)
   defining Unicode char U+010F (decimal 271)
   defining Unicode char U+0110 (decimal 272)
   defining Unicode char U+0111 (decimal 273)
   defining Unicode char U+0112 (decimal 274)
   defining Unicode char U+0113 (decimal 275)
   defining Unicode char U+0114 (decimal 276)
   defining Unicode char U+0115 (decimal 277)
   defining Unicode char U+0116 (decimal 278)
   defining Unicode char U+0117 (decimal 279)
   defining Unicode char U+0118 (decimal 280)
   defining Unicode char U+0119 (decimal 281)
   defining Unicode char U+011A (decimal 282)
   defining Unicode char U+011B (decimal 283)
   defining Unicode char U+011C (decimal 284)
   defining Unicode char U+011D (decimal 285)
   defining Unicode char U+011E (decimal 286)
   defining Unicode char U+011F (decimal 287)
   defining Unicode char U+0120 (decimal 288)
   defining Unicode char U+0121 (decimal 289)
   defining Unicode char U+0122 (decimal 290)
   defining Unicode char U+0123 (decimal 291)
   defining Unicode char U+0124 (decimal 292)
   defining Unicode char U+0125 (decimal 293)
   defining Unicode char U+0128 (decimal 296)
   defining Unicode char U+0129 (decimal 297)
   defining Unicode char U+012A (decimal 298)
   defining Unicode char U+012B (decimal 299)
   defining Unicode char U+012C (decimal 300)
   defining Unicode char U+012D (decimal 301)
   defining Unicode char U+012E (decimal 302)
   defining Unicode char U+012F (decimal 303)
   defining Unicode char U+0130 (decimal 304)
   defining Unicode char U+0131 (decimal 305)
   defining Unicode char U+0132 (decimal 306)
   defining Unicode char U+0133 (decimal 307)
   defining Unicode char U+0134 (decimal 308)
   defining Unicode char U+0135 (decimal 309)
   defining Unicode char U+0136 (decimal 310)
   defining Unicode char U+0137 (decimal 311)
   defining Unicode char U+0139 (decimal 313)
   defining Unicode char U+013A (decimal 314)
   defining Unicode char U+013B (decimal 315)
   defining Unicode char U+013C (decimal 316)
   defining Unicode char U+013D (decimal 317)
   defining Unicode char U+013E (decimal 318)
   defining Unicode char U+0141 (decimal 321)
   defining Unicode char U+0142 (decimal 322)
   defining Unicode char U+0143 (decimal 323)
   defining Unicode char U+0144 (decimal 324)
   defining Unicode char U+0145 (decimal 325)
   defining Unicode char U+0146 (decimal 326)
   defining Unicode char U+0147 (decimal 327)
   defining Unicode char U+0148 (decimal 328)
   defining Unicode char U+014A (decimal 330)
   defining Unicode char U+014B (decimal 331)
   defining Unicode char U+014C (decimal 332)
   defining Unicode char U+014D (decimal 333)
   defining Unicode char U+014E (decimal 334)
   defining Unicode char U+014F (decimal 335)
   defining Unicode char U+0150 (decimal 336)
   defining Unicode char U+0151 (decimal 337)
   defining Unicode char U+0152 (decimal 338)
   defining Unicode char U+0153 (decimal 339)
   defining Unicode char U+0154 (decimal 340)
   defining Unicode char U+0155 (decimal 341)
   defining Unicode char U+0156 (decimal 342)
   defining Unicode char U+0157 (decimal 343)
   defining Unicode char U+0158 (decimal 344)
   defining Unicode char U+0159 (decimal 345)
   defining Unicode char U+015A (decimal 346)
   defining Unicode char U+015B (decimal 347)
   defining Unicode char U+015C (decimal 348)
   defining Unicode char U+015D (decimal 349)
   defining Unicode char U+015E (decimal 350)
   defining Unicode char U+015F (decimal 351)
   defining Unicode char U+0160 (decimal 352)
   defining Unicode char U+0161 (decimal 353)
   defining Unicode char U+0162 (decimal 354)
   defining Unicode char U+0163 (decimal 355)
   defining Unicode char U+0164 (decimal 356)
   defining Unicode char U+0165 (decimal 357)
   defining Unicode char U+0168 (decimal 360)
   defining Unicode char U+0169 (decimal 361)
   defining Unicode char U+016A (decimal 362)
   defining Unicode char U+016B (decimal 363)
   defining Unicode char U+016C (decimal 364)
   defining Unicode char U+016D (decimal 365)
   defining Unicode char U+016E (decimal 366)
   defining Unicode char U+016F (decimal 367)
   defining Unicode char U+0170 (decimal 368)
   defining Unicode char U+0171 (decimal 369)
   defining Unicode char U+0172 (decimal 370)
   defining Unicode char U+0173 (decimal 371)
   defining Unicode char U+0174 (decimal 372)
   defining Unicode char U+0175 (decimal 373)
   defining Unicode char U+0176 (decimal 374)
   defining Unicode char U+0177 (decimal 375)
   defining Unicode char U+0178 (decimal 376)
   defining Unicode char U+0179 (decimal 377)
   defining Unicode char U+017A (decimal 378)
   defining Unicode char U+017B (decimal 379)
   defining Unicode char U+017C (decimal 380)
   defining Unicode char U+017D (decimal 381)
   defining Unicode char U+017E (decimal 382)
   defining Unicode char U+01CD (decimal 461)
   defining Unicode char U+01CE (decimal 462)
   defining Unicode char U+01CF (decimal 463)
   defining Unicode char U+01D0 (decimal 464)
   defining Unicode char U+01D1 (decimal 465)
   defining Unicode char U+01D2 (decimal 466)
   defining Unicode char U+01D3 (decimal 467)
   defining Unicode char U+01D4 (decimal 468)
   defining Unicode char U+01E2 (decimal 482)
   defining Unicode char U+01E3 (decimal 483)
   defining Unicode char U+01E6 (decimal 486)
   defining Unicode char U+01E7 (decimal 487)
   defining Unicode char U+01E8 (decimal 488)
   defining Unicode char U+01E9 (decimal 489)
   defining Unicode char U+01EA (decimal 490)
   defining Unicode char U+01EB (decimal 491)
   defining Unicode char U+01F0 (decimal 496)
   defining Unicode char U+01F4 (decimal 500)
   defining Unicode char U+01F5 (decimal 501)
   defining Unicode char U+0218 (decimal 536)
   defining Unicode char U+0219 (decimal 537)
   defining Unicode char U+021A (decimal 538)
   defining Unicode char U+021B (decimal 539)
   defining Unicode char U+1E02 (decimal 7682)
   defining Unicode char U+1E03 (decimal 7683)
   defining Unicode char U+200C (decimal 8204)
   defining Unicode char U+2010 (decimal 8208)
   defining Unicode char U+2011 (decimal 8209)
   defining Unicode char U+2012 (decimal 8210)
   defining Unicode char U+2013 (decimal 8211)
   defining Unicode char U+2014 (decimal 8212)
   defining Unicode char U+2015 (decimal 8213)
   defining Unicode char U+2018 (decimal 8216)
   defining Unicode char U+2019 (decimal 8217)
   defining Unicode char U+201A (decimal 8218)
   defining Unicode char U+201C (decimal 8220)
   defining Unicode char U+201D (decimal 8221)
   defining Unicode char U+201E (decimal 8222)
   defining Unicode char U+2030 (decimal 8240)
   defining Unicode char U+2031 (decimal 8241)
   defining Unicode char U+2039 (decimal 8249)
   defining Unicode char U+203A (decimal 8250)
   defining Unicode char U+2423 (decimal 9251)
)
Now handling font encoding OT1 ...
... processing UTF-8 mapping file for font encoding OT1

("C:\Program Files\MiKTeX 2.9\tex\latex\base\ot1enc.dfu"
File: ot1enc.dfu 2016/02/28 v1.1s UTF-8 support for inputenc
   defining Unicode char U+00A0 (decimal 160)
   defining Unicode char U+00A1 (decimal 161)
   defining Unicode char U+00A3 (decimal 163)
   defining Unicode char U+00AD (decimal 173)
   defining Unicode char U+00B8 (decimal 184)
   defining Unicode char U+00BF (decimal 191)
   defining Unicode char U+00C5 (decimal 197)
   defining Unicode char U+00C6 (decimal 198)
   defining Unicode char U+00D8 (decimal 216)
   defining Unicode char U+00DF (decimal 223)
   defining Unicode char U+00E6 (decimal 230)
   defining Unicode char U+00EC (decimal 236)
   defining Unicode char U+00ED (decimal 237)
   defining Unicode char U+00EE (decimal 238)
   defining Unicode char U+00EF (decimal 239)
   defining Unicode char U+00F8 (decimal 248)
   defining Unicode char U+0131 (decimal 305)
   defining Unicode char U+0141 (decimal 321)
   defining Unicode char U+0142 (decimal 322)
   defining Unicode char U+0152 (decimal 338)
   defining Unicode char U+0153 (decimal 339)
   defining Unicode char U+0174 (decimal 372)
   defining Unicode char U+0175 (decimal 373)
   defining Unicode char U+0176 (decimal 374)
   defining Unicode char U+0177 (decimal 375)
   defining Unicode char U+0218 (decimal 536)
   defining Unicode char U+0219 (decimal 537)
   defining Unicode char U+021A (decimal 538)
   defining Unicode char U+021B (decimal 539)
   defining Unicode char U+2013 (decimal 8211)
   defining Unicode char U+2014 (decimal 8212)
   defining Unicode char U+2018 (decimal 8216)
   defining Unicode char U+2019 (decimal 8217)
   defining Unicode char U+201C (decimal 8220)
   defining Unicode char U+201D (decimal 8221)
)
Now handling font encoding OMS ...
... processing UTF-8 mapping file for font encoding OMS

("C:\Program Files\MiKTeX 2.9\tex\latex\base\omsenc.dfu"
File: omsenc.dfu 2016/02/28 v1.1s UTF-8 support for inputenc
   defining Unicode char U+00A7 (decimal 167)
   defining Unicode char U+00B6 (decimal 182)
   defining Unicode char U+00B7 (decimal 183)
   defining Unicode char U+2020 (decimal 8224)
   defining Unicode char U+2021 (decimal 8225)
   defining Unicode char U+2022 (decimal 8226)
)
Now handling font encoding OMX ...
... no UTF-8 mapping file for font encoding OMX
Now handling font encoding U ...
... no UTF-8 mapping file for font encoding U
Now handling font encoding PD1 ...
... no UTF-8 mapping file for font encoding PD1
   defining Unicode char U+00A9 (decimal 169)
   defining Unicode char U+00AA (decimal 170)
   defining Unicode char U+00AE (decimal 174)
   defining Unicode char U+00BA (decimal 186)
   defining Unicode char U+02C6 (decimal 710)
   defining Unicode char U+02DC (decimal 732)
   defining Unicode char U+200C (decimal 8204)
   defining Unicode char U+2026 (decimal 8230)
   defining Unicode char U+2122 (decimal 8482)
   defining Unicode char U+2423 (decimal 9251)
))
("C:\Program Files\MiKTeX 2.9\tex\latex\caption\caption.sty"
Package: caption 2016/02/21 v3.3-144 Customizing captions (AR)

("C:\Program Files\MiKTeX 2.9\tex\latex\caption\caption3.sty"
Package: caption3 2016/05/22 v1.7-166 caption3 kernel (AR)
Package caption3 Info: TeX engine: e-TeX on input line 67.
\captionmargin=\dimen188
\captionmargin@=\dimen189
\captionwidth=\dimen190
\caption@tempdima=\dimen191
\caption@indent=\dimen192
\caption@parindent=\dimen193
\caption@hangindent=\dimen194
)
\c@ContinuedFloat=\count154
Package caption Info: beamer document class.
Package caption Info: hyperref package is loaded.
Package caption Info: Hyperref support is turned off
(caption)             because hyperref has stopped early.
)
("C:\Program Files\MiKTeX 2.9\tex\latex\caption\subcaption.sty"
Package: subcaption 2016/05/22 v1.1-161 Sub-captions (AR)
\c@subfigure=\count155
\c@subtable=\count156
)
("C:\Program Files\MiKTeX 2.9\tex\latex\movie15\movie15.sty"
Package: movie15 2012/05/16

("C:\Program Files\MiKTeX 2.9\tex\latex\base\ifthen.sty"
Package: ifthen 2014/09/29 v1.1c Standard LaTeX ifthen package (DPC)
)
("C:\Program Files\MiKTeX 2.9\tex\latex\oberdiek\ifdraft.sty"
Package: ifdraft 2016/05/16 v1.4 Detect class options draft and final (HO)
)
\@MXV@page=\count157
\@MXV@adict=\count158
\@MXV@aadict=\count159
\@MXV@includes=\count160
\@MXV@players=\count161
\@MXV@links=\count162
\@MXV@width=\dimen195
\@MXV@height=\dimen196
\@MXV@depth=\dimen197
\@MXV@totalheight=\dimen198
\@MXV@@boxdepth=\dimen199
\@MXV@traiselen=\dimen256
\@MXV@braiselen=\dimen257
\@MXV@start=\dimen258
\@MXV@end=\dimen259
\@MXV@textbox=\box53
)
("C:\Program Files\MiKTeX 2.9\tex\latex\listings\listings.sty"
\lst@mode=\count163
\lst@gtempboxa=\box54
\lst@token=\toks45
\lst@length=\count164
\lst@currlwidth=\dimen260
\lst@column=\count165
\lst@pos=\count166
\lst@lostspace=\dimen261
\lst@width=\dimen262
\lst@newlines=\count167
\lst@lineno=\count168
\lst@maxwidth=\dimen263

("C:\Program Files\MiKTeX 2.9\tex\latex\listings\lstmisc.sty"
File: lstmisc.sty 2015/06/04 1.6 (Carsten Heinz)
\c@lstnumber=\count169
\lst@skipnumbers=\count170
\lst@framebox=\box55
)
("C:\Program Files\MiKTeX 2.9\tex\latex\listings\listings.cfg"
File: listings.cfg 2015/06/04 1.6 listings configuration
))
Package: listings 2015/06/04 1.6 (Carsten Heinz)


Package hyperref Warning: Token not allowed in a PDF string (PDFDocEncoding):
(hyperref)                removing `\kernel@ifnextchar' on input line 28.


Package hyperref Warning: Token not allowed in a PDF string (PDFDocEncoding):
(hyperref)                removing `\\' on input line 28.


Package hyperref Warning: Token not allowed in a PDF string (PDFDocEncoding):
(hyperref)                removing `\\' on input line 28.


Package hyperref Warning: Token not allowed in a PDF string (PDFDocEncoding):
(hyperref)                removing `\kernel@ifnextchar' on input line 28.


Package hyperref Warning: Token not allowed in a PDF string (PDFDocEncoding):
(hyperref)                removing `\\' on input line 28.


Package hyperref Warning: Token not allowed in a PDF string (PDFDocEncoding):
(hyperref)                removing `\\' on input line 28.

("Presentation Neuroscience.aux"

LaTeX Warning: Label `fig:principle' multiply defined.


LaTeX Warning: Label `fig:principle' multiply defined.


LaTeX Warning: Label `fig:principle' multiply defined.


LaTeX Warning: Label `fig:principle' multiply defined.


LaTeX Warning: Label `fig:principle' multiply defined.


LaTeX Warning: Label `fig:principle' multiply defined.


LaTeX Warning: Label `fig:principle' multiply defined.


LaTeX Warning: Label `fig:principle' multiply defined.


LaTeX Warning: Label `fig:principle' multiply defined.


LaTeX Warning: Label `fig:principle' multiply defined.


LaTeX Warning: Label `fig:principle' multiply defined.


LaTeX Warning: Label `fig:principle' multiply defined.


LaTeX Warning: Label `fig:principle' multiply defined.


LaTeX Warning: Label `fig:principle' multiply defined.


LaTeX Warning: Label `fig:principle' multiply defined.


LaTeX Warning: Label `fig:principle' multiply defined.


LaTeX Warning: Label `fig:principle' multiply defined.


LaTeX Warning: Label `fig:principle' multiply defined.


LaTeX Warning: Label `fig:principle' multiply defined.


LaTeX Warning: Label `fig:principle' multiply defined.


LaTeX Warning: Label `fig:principle' multiply defined.


LaTeX Warning: Label `fig:principle' multiply defined.


LaTeX Warning: Label `fig:principle' multiply defined.


LaTeX Warning: Label `fig:principle' multiply defined.


LaTeX Warning: Label `fig:propagation' multiply defined.


LaTeX Warning: Label `fig:propagation' multiply defined.


LaTeX Warning: Label `fig:propagation5' multiply defined.


LaTeX Warning: Label `fig:propagation5' multiply defined.


LaTeX Warning: Label `fig:principle' multiply defined.


LaTeX Warning: Label `fig:principle' multiply defined.


LaTeX Warning: Label `fig:principle' multiply defined.


LaTeX Warning: Label `fig:principle' multiply defined.


LaTeX Warning: Label `fig:principle' multiply defined.


LaTeX Warning: Label `fig:principle' multiply defined.

)
\openout1 = `"Presentation Neuroscience.aux"'.

LaTeX Font Info:    Checking defaults for OML/cmm/m/it on input line 30.
LaTeX Font Info:    ... okay on input line 30.
LaTeX Font Info:    Checking defaults for T1/cmr/m/n on input line 30.
LaTeX Font Info:    ... okay on input line 30.
LaTeX Font Info:    Checking defaults for OT1/cmr/m/n on input line 30.
LaTeX Font Info:    ... okay on input line 30.
LaTeX Font Info:    Checking defaults for OMS/cmsy/m/n on input line 30.
LaTeX Font Info:    ... okay on input line 30.
LaTeX Font Info:    Checking defaults for OMX/cmex/m/n on input line 30.
LaTeX Font Info:    ... okay on input line 30.
LaTeX Font Info:    Checking defaults for U/cmr/m/n on input line 30.
LaTeX Font Info:    ... okay on input line 30.
LaTeX Font Info:    Checking defaults for PD1/pdf/m/n on input line 30.
LaTeX Font Info:    ... okay on input line 30.

*geometry* driver: auto-detecting
*geometry* detected driver: pdftex
*geometry* verbose mode - [ preamble ] result:
* driver: pdftex
* paper: custom
* layout: <same size as paper>
* layoutoffset:(h,v)=(0.0pt,0.0pt)
* modes: includehead includefoot 
* h-part:(L,W,R)=(11.74988pt, 340.6956pt, 11.74988pt)
* v-part:(T,H,B)=(0.0pt, 273.14662pt, 0.0pt)
* \paperwidth=364.19536pt
* \paperheight=273.14662pt
* \textwidth=340.6956pt
* \textheight=244.6939pt
* \oddsidemargin=-60.52011pt
* \evensidemargin=-60.52011pt
* \topmargin=-72.26999pt
* \headheight=14.22636pt
* \headsep=0.0pt
* \topskip=12.0pt
* \footskip=14.22636pt
* \marginparwidth=4.0pt
* \marginparsep=10.0pt
* \columnsep=10.0pt
* \skip\footins=10.8pt plus 4.0pt minus 2.0pt
* \hoffset=0.0pt
* \voffset=0.0pt
* \mag=1000
* \@twocolumnfalse
* \@twosidefalse
* \@mparswitchfalse
* \@reversemarginfalse
* (1in=72.27pt=25.4mm, 1cm=28.453pt)

("C:\Program Files\MiKTeX 2.9\tex\context\base\supp-pdf.mkii"
[Loading MPS to PDF converter (version 2006.09.02).]
\scratchcounter=\count171
\scratchdimen=\dimen264
\scratchbox=\box56
\nofMPsegments=\count172
\nofMParguments=\count173
\everyMPshowfont=\toks46
\MPscratchCnt=\count174
\MPscratchDim=\dimen265
\MPnumerator=\count175
\makeMPintoPDFobject=\count176
\everyMPtoPDFconversion=\toks47
) ("C:\Program Files\MiKTeX 2.9\tex\latex\oberdiek\epstopdf-base.sty"
Package: epstopdf-base 2016/05/15 v2.6 Base part for package epstopdf

("C:\Program Files\MiKTeX 2.9\tex\latex\oberdiek\grfext.sty"
Package: grfext 2016/05/16 v1.2 Manage graphics extensions (HO)
)
Package epstopdf-base Info: Redefining graphics rule for `.eps' on input line 4
38.
Package grfext Info: Graphics extension search list:
(grfext)             [.png,.pdf,.jpg,.mps,.jpeg,.jbig2,.jb2,.PNG,.PDF,.JPG,.JPE
G,.JBIG2,.JB2,.eps]
(grfext)             \AppendGraphicsExtensions on input line 456.
)
ABD: EveryShipout initializing macros
\AtBeginShipoutBox=\box57
Package hyperref Info: Link coloring OFF on input line 30.

("C:\Program Files\MiKTeX 2.9\tex\latex\hyperref\nameref.sty"
Package: nameref 2016/05/21 v2.44 Cross-referencing by name of section

("C:\Program Files\MiKTeX 2.9\tex\generic\oberdiek\gettitlestring.sty"
Package: gettitlestring 2016/05/16 v1.5 Cleanup title references (HO)
)
\c@section@level=\count177
)
LaTeX Info: Redefining \ref on input line 30.
LaTeX Info: Redefining \pageref on input line 30.
LaTeX Info: Redefining \nameref on input line 30.

("Presentation Neuroscience.out") ("Presentation Neuroscience.out")
\@outlinefile=\write5
\openout5 = `"Presentation Neuroscience.out"'.

LaTeX Font Info:    Overwriting symbol font `operators' in version `normal'
(Font)                  OT1/cmr/m/n --> OT1/cmss/m/n on input line 30.
LaTeX Font Info:    Overwriting symbol font `operators' in version `bold'
(Font)                  OT1/cmr/bx/n --> OT1/cmss/bx/n on input line 30.
\symnumbers=\mathgroup6
\sympureletters=\mathgroup7
LaTeX Font Info:    Overwriting math alphabet `\mathrm' in version `normal'
(Font)                  OT1/cmss/m/n --> OT1/cmr/m/n on input line 30.
LaTeX Font Info:    Redeclaring math alphabet \mathbf on input line 30.
LaTeX Font Info:    Overwriting math alphabet `\mathbf' in version `normal'
(Font)                  OT1/cmr/bx/n --> OT1/cmss/bx/n on input line 30.
LaTeX Font Info:    Overwriting math alphabet `\mathbf' in version `bold'
(Font)                  OT1/cmr/bx/n --> OT1/cmss/bx/n on input line 30.
LaTeX Font Info:    Redeclaring math alphabet \mathsf on input line 30.
LaTeX Font Info:    Overwriting math alphabet `\mathsf' in version `normal'
(Font)                  OT1/cmss/m/n --> OT1/cmss/m/n on input line 30.
LaTeX Font Info:    Overwriting math alphabet `\mathsf' in version `bold'
(Font)                  OT1/cmss/bx/n --> OT1/cmss/m/n on input line 30.
LaTeX Font Info:    Redeclaring math alphabet \mathit on input line 30.
LaTeX Font Info:    Overwriting math alphabet `\mathit' in version `normal'
(Font)                  OT1/cmr/m/it --> OT1/cmss/m/it on input line 30.
LaTeX Font Info:    Overwriting math alphabet `\mathit' in version `bold'
(Font)                  OT1/cmr/bx/it --> OT1/cmss/m/it on input line 30.
LaTeX Font Info:    Redeclaring math alphabet \mathtt on input line 30.
LaTeX Font Info:    Overwriting math alphabet `\mathtt' in version `normal'
(Font)                  OT1/cmtt/m/n --> OT1/cmtt/m/n on input line 30.
LaTeX Font Info:    Overwriting math alphabet `\mathtt' in version `bold'
(Font)                  OT1/cmtt/m/n --> OT1/cmtt/m/n on input line 30.
LaTeX Font Info:    Overwriting symbol font `numbers' in version `bold'
(Font)                  OT1/cmss/m/n --> OT1/cmss/bx/n on input line 30.
LaTeX Font Info:    Overwriting symbol font `pureletters' in version `bold'
(Font)                  OT1/cmss/m/it --> OT1/cmss/bx/it on input line 30.
LaTeX Font Info:    Overwriting math alphabet `\mathrm' in version `bold'
(Font)                  OT1/cmss/bx/n --> OT1/cmr/bx/n on input line 30.
LaTeX Font Info:    Overwriting math alphabet `\mathbf' in version `bold'
(Font)                  OT1/cmss/bx/n --> OT1/cmss/bx/n on input line 30.
LaTeX Font Info:    Overwriting math alphabet `\mathsf' in version `bold'
(Font)                  OT1/cmss/m/n --> OT1/cmss/bx/n on input line 30.
LaTeX Font Info:    Overwriting math alphabet `\mathit' in version `bold'
(Font)                  OT1/cmss/m/it --> OT1/cmss/bx/it on input line 30.
LaTeX Font Info:    Overwriting math alphabet `\mathtt' in version `bold'
(Font)                  OT1/cmtt/m/n --> OT1/cmtt/bx/n on input line 30.
LaTeX Font Info:    Redeclaring symbol font `pureletters' on input line 30.
LaTeX Font Info:    Overwriting symbol font `pureletters' in version `normal'
(Font)                  OT1/cmss/m/it --> OT1/mathkerncmss/m/sl on input line 3
0.
LaTeX Font Info:    Overwriting symbol font `pureletters' in version `bold'
(Font)                  OT1/cmss/bx/it --> OT1/mathkerncmss/m/sl on input line 
30.
LaTeX Font Info:    Overwriting symbol font `pureletters' in version `bold'
(Font)                  OT1/mathkerncmss/m/sl --> OT1/mathkerncmss/bx/sl on inp
ut line 30.

("C:\Program Files\MiKTeX 2.9\tex\latex\beamer\translator\dicts\translator-basi
c-dictionary\translator-basic-dictionary-English.dict"
Dictionary: translator-basic-dictionary, Language: English 
)
("C:\Program Files\MiKTeX 2.9\tex\latex\beamer\translator\dicts\translator-bibl
iography-dictionary\translator-bibliography-dictionary-English.dict"
Dictionary: translator-bibliography-dictionary, Language: English 
)
("C:\Program Files\MiKTeX 2.9\tex\latex\beamer\translator\dicts\translator-envi
ronment-dictionary\translator-environment-dictionary-English.dict"
Dictionary: translator-environment-dictionary, Language: English 
)
("C:\Program Files\MiKTeX 2.9\tex\latex\beamer\translator\dicts\translator-mont
hs-dictionary\translator-months-dictionary-English.dict"
Dictionary: translator-months-dictionary, Language: English 
)
("C:\Program Files\MiKTeX 2.9\tex\latex\beamer\translator\dicts\translator-numb
ers-dictionary\translator-numbers-dictionary-English.dict"
Dictionary: translator-numbers-dictionary, Language: English 
)
("C:\Program Files\MiKTeX 2.9\tex\latex\beamer\translator\dicts\translator-theo
rem-dictionary\translator-theorem-dictionary-English.dict"
Dictionary: translator-theorem-dictionary, Language: English 
)
LaTeX Info: Redefining \includegraphics on input line 30.
Package caption Info: Begin \AtBeginDocument code.
Package caption Info: listings package is loaded.
Package caption Info: End \AtBeginDocument code.
\c@lstlisting=\count178

("Presentation Neuroscience.nav")
Overfull \hbox (156.66307pt too wide) in paragraph at lines 30--30
 [][]  
 []


LaTeX Font Warning: Font shape `OT1/cmss/m/n' in size <4> not available
(Font)              size <5> substituted on input line 34.


Overfull \hbox (156.66307pt too wide) has occurred while \output is active
 [][]  
 []

[1

{C:/ProgramData/MiKTeX/2.9/pdftex/config/pdftex.map}]
("Presentation Neuroscience.toc")
Overfull \hbox (156.66307pt too wide) has occurred while \output is active
 [][]  
 []

[2

] <images/neuron.png, id=173, 760.8425pt x 325.215pt>
File: images/neuron.png Graphic file (type png)

<use images/neuron.png>
Package pdftex.def Info: images/neuron.png used on input line 58.
(pdftex.def)             Requested size: 170.34628pt x 91.16875pt.
LaTeX Font Info:    Try loading font information for U+msa on input line 58.
 ("C:\Program Files\MiKTeX 2.9\tex\latex\amsfonts\umsa.fd"
File: umsa.fd 2013/01/14 v3.01 AMS symbols A
)
LaTeX Font Info:    Try loading font information for U+msb on input line 58.
 ("C:\Program Files\MiKTeX 2.9\tex\latex\amsfonts\umsb.fd"
File: umsb.fd 2013/01/14 v3.01 AMS symbols B
)
LaTeX Font Info:    Try loading font information for OT1+mathkerncmss on input 
line 58.

("C:\Program Files\MiKTeX 2.9\tex\latex\sansmathaccent\ot1mathkerncmss.fd"
File: ot1mathkerncmss.fd 2013/03/27 Fontinst v1.933 font definitions for OT1/ma
thkerncmss.
)
<images/neuron_model.jpeg, id=174, 661.47125pt x 377.41pt>
File: images/neuron_model.jpeg Graphic file (type jpg)

<use images/neuron_model.jpeg>
Package pdftex.def Info: images/neuron_model.jpeg used on input line 58.
(pdftex.def)             Requested size: 170.34337pt x 91.16765pt.

Overfull \hbox (156.66307pt too wide) has occurred while \output is active
 [][]  
 []

[3

 <./images/neuron.png> <./images/neuron_model.jpeg>]
<images/principle.jpg, id=209, 963.6pt x 630.355pt>
File: images/principle.jpg Graphic file (type jpg)
 <use images/principle.jpg>
Package pdftex.def Info: images/principle.jpg used on input line 75.
(pdftex.def)             Requested size: 170.3478pt x 111.4295pt.

Overfull \hbox (156.66307pt too wide) has occurred while \output is active
 [][]  
 []

[4

 <./images/principle.jpg>]
Overfull \hbox (156.66307pt too wide) has occurred while \output is active
 [][]  
 []

[5

] <images/equal.jpg, id=268, 983.17313pt x 552.56438pt>
File: images/equal.jpg Graphic file (type jpg)

<use images/equal.jpg>
Package pdftex.def Info: images/equal.jpg used on input line 102.
(pdftex.def)             Requested size: 136.27615pt x 76.59122pt.
pdfTeX warning (ext4): destination with the same identifier (name{fig:principle
}) has been already used, duplicate ignored
<to be read again> 
                   \relax 
l.102 \end{frame}
                 
Overfull \hbox (156.66307pt too wide) has occurred while \output is active
 [][]  
 []

[6

 <./images/equal.jpg>] <images/neq.jpg, id=297, 983.17313pt x 552.56438pt>
File: images/neq.jpg Graphic file (type jpg)

<use images/neq.jpg>
Package pdftex.def Info: images/neq.jpg used on input line 109.
(pdftex.def)             Requested size: 272.55751pt x 153.18243pt.
pdfTeX warning (ext4): destination with the same identifier (name{fig:principle
}) has been already used, duplicate ignored
<to be read again> 
                   \relax 
l.109 \end{frame}
                 
Overfull \hbox (156.66307pt too wide) has occurred while \output is active
 [][]  
 []

[7

 <./images/neq.jpg>] <images/diff.jpg, id=329, 983.17313pt x 552.56438pt>
File: images/diff.jpg Graphic file (type jpg)

<use images/diff.jpg>
Package pdftex.def Info: images/diff.jpg used on input line 115.
(pdftex.def)             Requested size: 272.55751pt x 153.18243pt.
pdfTeX warning (ext4): destination with the same identifier (name{fig:principle
}) has been already used, duplicate ignored
<to be read again> 
                   \relax 
l.115 \end{frame}
                 
Overfull \hbox (156.66307pt too wide) has occurred while \output is active
 [][]  
 []

[8

 <./images/diff.jpg>] <images/feat1.jpg, id=358, 983.17313pt x 552.56438pt>
File: images/feat1.jpg Graphic file (type jpg)

<use images/feat1.jpg>
Package pdftex.def Info: images/feat1.jpg used on input line 124.
(pdftex.def)             Requested size: 272.55751pt x 153.18243pt.
pdfTeX warning (ext4): destination with the same identifier (name{fig:principle
}) has been already used, duplicate ignored
<to be read again> 
                   \relax 
l.124 \end{frame}
                 
Overfull \hbox (156.66307pt too wide) has occurred while \output is active
 [][]  
 []

[9

 <./images/feat1.jpg>] <images/feat2.jpg, id=387, 983.17313pt x 552.56438pt>
File: images/feat2.jpg Graphic file (type jpg)

<use images/feat2.jpg>
Package pdftex.def Info: images/feat2.jpg used on input line 131.
(pdftex.def)             Requested size: 272.55751pt x 153.18243pt.
pdfTeX warning (ext4): destination with the same identifier (name{fig:principle
}) has been already used, duplicate ignored
<to be read again> 
                   \relax 
l.131 \end{frame}
                 
Overfull \hbox (156.66307pt too wide) has occurred while \output is active
 [][]  
 []

[10

 <./images/feat2.jpg>]
<images/feat3.jpg, id=416, 983.17313pt x 552.56438pt>
File: images/feat3.jpg Graphic file (type jpg)
 <use images/feat3.jpg>
Package pdftex.def Info: images/feat3.jpg used on input line 138.
(pdftex.def)             Requested size: 272.55751pt x 153.18243pt.
pdfTeX warning (ext4): destination with the same identifier (name{fig:principle
}) has been already used, duplicate ignored
<to be read again> 
                   \relax 
l.138 \end{frame}
                 
Overfull \hbox (156.66307pt too wide) has occurred while \output is active
 [][]  
 []

[11

 <./images/feat3.jpg>]
<images/features.jpg, id=445, 983.17313pt x 552.56438pt>
File: images/features.jpg Graphic file (type jpg)

<use images/features.jpg>
Package pdftex.def Info: images/features.jpg used on input line 145.
(pdftex.def)             Requested size: 272.55751pt x 153.18243pt.
pdfTeX warning (ext4): destination with the same identifier (name{fig:principle
}) has been already used, duplicate ignored
<to be read again> 
                   \relax 
l.145 \end{frame}
                 
Overfull \hbox (156.66307pt too wide) has occurred while \output is active
 [][]  
 []

[12

 <./images/features.jpg>]
Overfull \hbox (156.66307pt too wide) has occurred while \output is active
 [][]  
 []

[13

] <images/struct.jpg, id=502, 983.17313pt x 552.56438pt>
File: images/struct.jpg Graphic file (type jpg)

<use images/struct.jpg>
Package pdftex.def Info: images/struct.jpg used on input line 168.
(pdftex.def)             Requested size: 340.6956pt x 191.47806pt.
pdfTeX warning (ext4): destination with the same identifier (name{fig:principle
}) has been already used, duplicate ignored
<to be read again> 
                   \relax 
l.168 \end{frame}
                 
Overfull \hbox (156.66307pt too wide) has occurred while \output is active
 [][]  
 []

[14

 <./images/struct.jpg>]
<images/struct1.jpg, id=531, 983.17313pt x 552.56438pt>
File: images/struct1.jpg Graphic file (type jpg)

<use images/struct1.jpg>
Package pdftex.def Info: images/struct1.jpg used on input line 175.
(pdftex.def)             Requested size: 340.6956pt x 191.47806pt.
pdfTeX warning (ext4): destination with the same identifier (name{fig:principle
}) has been already used, duplicate ignored
<to be read again> 
                   \relax 
l.175 \end{frame}
                 
Overfull \hbox (156.66307pt too wide) has occurred while \output is active
 [][]  
 []

[15

 <./images/struct1.jpg>]
<images/convolution.jpg, id=561, 983.17313pt x 552.56438pt>
File: images/convolution.jpg Graphic file (type jpg)

<use images/convolution.jpg>
Package pdftex.def Info: images/convolution.jpg used on input line 186.
(pdftex.def)             Requested size: 272.55751pt x 153.18243pt.
pdfTeX warning (ext4): destination with the same identifier (name{fig:principle
}) has been already used, duplicate ignored
<to be read again> 
                   \relax 
l.186 \end{frame}
                 
Overfull \hbox (156.66307pt too wide) has occurred while \output is active
 [][]  
 []

[16

 <./images/convolution.jpg>]
<images/Filter.png, id=590, 469.755pt x 209.28188pt>
File: images/Filter.png Graphic file (type png)
 <use images/Filter.png>
Package pdftex.def Info: images/Filter.png used on input line 193.
(pdftex.def)             Requested size: 272.55751pt x 121.42827pt.
pdfTeX warning (ext4): destination with the same identifier (name{fig:principle
}) has been already used, duplicate ignored
<to be read again> 
                   \relax 
l.193 \end{frame}
                 
Overfull \hbox (156.66307pt too wide) has occurred while \output is active
 [][]  
 []

[17

 <./images/Filter.png>]
<images/mouse.png, id=619, 485.56406pt x 172.39406pt>
File: images/mouse.png Graphic file (type png)
 <use images/mouse.png>
Package pdftex.def Info: images/mouse.png used on input line 200.
(pdftex.def)             Requested size: 272.55751pt x 96.76624pt.
pdfTeX warning (ext4): destination with the same identifier (name{fig:principle
}) has been already used, duplicate ignored
<to be read again> 
                   \relax 
l.200 \end{frame}
                 
Overfull \hbox (156.66307pt too wide) has occurred while \output is active
 [][]  
 []

[18

 <./images/mouse.png>]
<images/mousehi.png, id=648, 535.2497pt x 201.75375pt>
File: images/mousehi.png Graphic file (type png)

<use images/mousehi.png>
Package pdftex.def Info: images/mousehi.png used on input line 207.
(pdftex.def)             Requested size: 272.55751pt x 102.73912pt.
pdfTeX warning (ext4): destination with the same identifier (name{fig:principle
}) has been already used, duplicate ignored
<to be read again> 
                   \relax 
l.207 \end{frame}
                 
Overfull \hbox (156.66307pt too wide) has occurred while \output is active
 [][]  
 []

[19

 <./images/mousehi.png>]
<images/mouselo.png, id=678, 540.51938pt x 188.95593pt>
File: images/mouselo.png Graphic file (type png)

<use images/mouselo.png>
Package pdftex.def Info: images/mouselo.png used on input line 215.
(pdftex.def)             Requested size: 272.55751pt x 95.28215pt.
pdfTeX warning (ext4): destination with the same identifier (name{fig:principle
}) has been already used, duplicate ignored
<to be read again> 
                   \relax 
l.215 \end{frame}
                 
Overfull \hbox (156.66307pt too wide) has occurred while \output is active
 [][]  
 []

[20

 <./images/mouselo.png>]
<images/activation.png, id=706, 494.59781pt x 268.00125pt>
File: images/activation.png Graphic file (type png)

<use images/activation.png>
Package pdftex.def Info: images/activation.png used on input line 227.
(pdftex.def)             Requested size: 204.41943pt x 110.76451pt.
pdfTeX warning (ext4): destination with the same identifier (name{fig:principle
}) has been already used, duplicate ignored
<to be read again> 
                   \relax 
l.227 \end{frame}
                 
Overfull \hbox (156.66307pt too wide) has occurred while \output is active
 [][]  
 []

[21

 <./images/activation.png>]
<images/convnet.png, id=740, 928.46875pt x 605.26125pt>
File: images/convnet.png Graphic file (type png)

<use images/convnet.png>
Package pdftex.def Info: images/convnet.png used on input line 235.
(pdftex.def)             Requested size: 272.55751pt x 177.68237pt.
pdfTeX warning (ext4): destination with the same identifier (name{fig:principle
}) has been already used, duplicate ignored
<to be read again> 
                   \relax 
l.235 \end{frame}
                 
Overfull \hbox (156.66307pt too wide) has occurred while \output is active
 [][]  
 []

[22

 <./images/convnet.png>]
<images/struct2.jpg, id=769, 983.17313pt x 552.56438pt>
File: images/struct2.jpg Graphic file (type jpg)

<use images/struct2.jpg>
Package pdftex.def Info: images/struct2.jpg used on input line 242.
(pdftex.def)             Requested size: 340.6956pt x 191.47806pt.
pdfTeX warning (ext4): destination with the same identifier (name{fig:principle
}) has been already used, duplicate ignored
<to be read again> 
                   \relax 
l.242 \end{frame}
                 
Overfull \hbox (156.66307pt too wide) has occurred while \output is active
 [][]  
 []

[23

 <./images/struct2.jpg>] <images/conv3.png, id=798, 952.55875pt x 722.7pt>
File: images/conv3.png Graphic file (type png)

<use images/conv3.png>
Package pdftex.def Info: images/conv3.png used on input line 251.
(pdftex.def)             Requested size: 238.48587pt x 180.93921pt.
pdfTeX warning (ext4): destination with the same identifier (name{fig:principle
}) has been already used, duplicate ignored
<to be read again> 
                   \relax 
l.251 \end{frame}
                 
Overfull \hbox (156.66307pt too wide) has occurred while \output is active
 [][]  
 []

[24

 <./images/conv3.png>]
<images/pooling.jpg, id=827, 983.17313pt x 552.56438pt>
File: images/pooling.jpg Graphic file (type jpg)

<use images/pooling.jpg>
Package pdftex.def Info: images/pooling.jpg used on input line 265.
(pdftex.def)             Requested size: 272.55751pt x 153.18243pt.
pdfTeX warning (ext4): destination with the same identifier (name{fig:principle
}) has been already used, duplicate ignored
<to be read again> 
                   \relax 
l.265 \end{frame}
                 
Overfull \vbox (26.034pt too high) detected at line 265
 []


Overfull \hbox (156.66307pt too wide) has occurred while \output is active
 [][]  
 []

[25

 <./images/pooling.jpg>]
<images/stacking.jpg, id=857, 983.17313pt x 552.56438pt>
File: images/stacking.jpg Graphic file (type jpg)

<use images/stacking.jpg>
Package pdftex.def Info: images/stacking.jpg used on input line 279.
(pdftex.def)             Requested size: 306.62396pt x 172.33025pt.
pdfTeX warning (ext4): destination with the same identifier (name{fig:principle
}) has been already used, duplicate ignored
<to be read again> 
                   \relax 
l.279 \end{frame}
                 
Overfull \vbox (45.18181pt too high) detected at line 279
 []


Overfull \hbox (156.66307pt too wide) has occurred while \output is active
 [][]  
 []

[26

 <./images/stacking.jpg>]
<images/chain.png, id=886, 375.4025pt x 212.795pt>
File: images/chain.png Graphic file (type png)
 <use images/chain.png>
Package pdftex.def Info: images/chain.png used on input line 288.
(pdftex.def)             Requested size: 340.6956pt x 193.13396pt.
pdfTeX warning (ext4): destination with the same identifier (name{fig:principle
}) has been already used, duplicate ignored
<to be read again> 
                   \relax 
l.288 \end{frame}
                 
Overfull \vbox (4.98552pt too high) detected at line 288
 []


Overfull \hbox (156.66307pt too wide) has occurred while \output is active
 [][]  
 []

[27

 <./images/chain.png>]
<images/struct3.jpg, id=915, 983.17313pt x 552.56438pt>
File: images/struct3.jpg Graphic file (type jpg)

<use images/struct3.jpg>
Package pdftex.def Info: images/struct3.jpg used on input line 295.
(pdftex.def)             Requested size: 340.6956pt x 191.47806pt.
pdfTeX warning (ext4): destination with the same identifier (name{fig:principle
}) has been already used, duplicate ignored
<to be read again> 
                   \relax 
l.295 \end{frame}
                 
Overfull \hbox (156.66307pt too wide) has occurred while \output is active
 [][]  
 []

[28

 <./images/struct3.jpg>] <images/fc.jpg, id=944, 983.17313pt x 552.56438pt>
File: images/fc.jpg Graphic file (type jpg)

<use images/fc.jpg>
Package pdftex.def Info: images/fc.jpg used on input line 308.
(pdftex.def)             Requested size: 272.55751pt x 153.18243pt.
pdfTeX warning (ext4): destination with the same identifier (name{fig:principle
}) has been already used, duplicate ignored
<to be read again> 
                   \relax 
l.308 \end{frame}
                 
Overfull \vbox (13.86731pt too high) detected at line 308
 []


Overfull \hbox (156.66307pt too wide) has occurred while \output is active
 [][]  
 []

[29

 <./images/fc.jpg>] <images/ournet.jpg, id=972, 983.17313pt x 552.56438pt>
File: images/ournet.jpg Graphic file (type jpg)

<use images/ournet.jpg>
Package pdftex.def Info: images/ournet.jpg used on input line 338.
(pdftex.def)             Requested size: 340.6956pt x 191.47806pt.

Overfull \hbox (156.66307pt too wide) has occurred while \output is active
 [][]  
 []

[30

 <./images/ournet.jpg>]
<images/forward.png, id=1000, 907.89188pt x 371.13657pt>
File: images/forward.png Graphic file (type png)

<use images/forward.png>
Package pdftex.def Info: images/forward.png used on input line 345.
(pdftex.def)             Requested size: 340.6956pt x 139.27214pt.

Overfull \hbox (156.66307pt too wide) has occurred while \output is active
 [][]  
 []

[31

 <./images/forward.png>]
<images/activation_functions.png, id=1031, 225.84375pt x 169.38281pt>
File: images/activation_functions.png Graphic file (type png)

<use images/activation_functions.png>
Package pdftex.def Info: images/activation_functions.png used on input line 359
.
(pdftex.def)             Requested size: 136.27615pt x 102.21199pt.

Overfull \hbox (156.66307pt too wide) has occurred while \output is active
 [][]  
 []

[32

 <./images/activation_functions.png>]
<images/SingleNeuron.png, id=1062, 941.5175pt x 463.7325pt>
File: images/SingleNeuron.png Graphic file (type png)

<use images/SingleNeuron.png>
Package pdftex.def Info: images/SingleNeuron.png used on input line 380.
(pdftex.def)             Requested size: 204.41943pt x 100.6841pt.
pdfTeX warning (ext4): destination with the same identifier (name{fig:principle
}) has been already used, duplicate ignored
<to be read again> 
                   \relax 
l.380 \end{frame}
                 
Overfull \hbox (156.66307pt too wide) has occurred while \output is active
 [][]  
 []

[33

 <./images/SingleNeuron.png (PNG copy)>]
<images/codekernel.png, id=1091, 426.84468pt x 305.64188pt>
File: images/codekernel.png Graphic file (type png)

<use images/codekernel.png>
Package pdftex.def Info: images/codekernel.png used on input line 393.
(pdftex.def)             Requested size: 204.41943pt x 146.37529pt.

Overfull \hbox (156.66307pt too wide) has occurred while \output is active
 [][]  
 []

[34

 <./images/codekernel.png>]
Overfull \hbox (156.66307pt too wide) has occurred while \output is active
 [][]  
 []

[35

] <images/backprop1.png, id=1148, 1388.18625pt x 803.0pt>
File: images/backprop1.png Graphic file (type png)

<use images/backprop1.png>
Package pdftex.def Info: images/backprop1.png used on input line 421.
(pdftex.def)             Requested size: 204.41943pt x 118.2393pt.

Overfull \hbox (156.66307pt too wide) has occurred while \output is active
 [][]  
 []

[36

 <./images/backprop1.png>]
<images/backprop2.png, id=1179, 1408.26125pt x 814.04124pt>
File: images/backprop2.png Graphic file (type png)

<use images/backprop2.png>
Package pdftex.def Info: images/backprop2.png used on input line 434.
(pdftex.def)             Requested size: 204.41943pt x 118.16338pt.
pdfTeX warning (ext4): destination with the same identifier (name{fig:propagati
on}) has been already used, duplicate ignored
<to be read again> 
                   \relax 
l.434 \end{frame}
                 
Overfull \hbox (156.66307pt too wide) has occurred while \output is active
 [][]  
 []

[37

 <./images/backprop2.png>]
Overfull \hbox (156.66307pt too wide) has occurred while \output is active
 [][]  
 []

[38

] <images/backprop3.png, id=1238, 1410.26875pt x 795.97375pt>
File: images/backprop3.png Graphic file (type png)

<use images/backprop3.png>
Package pdftex.def Info: images/backprop3.png used on input line 470.
(pdftex.def)             Requested size: 136.27615pt x 76.90572pt.
pdfTeX warning (ext4): destination with the same identifier (name{fig:propagati
on}) has been already used, duplicate ignored
<to be read again> 
                   \relax 
l.470 \end{frame}
                  <images/backprop5.png, id=1239, 599.841pt x 202.356pt>
File: images/backprop5.png Graphic file (type png)

<use images/backprop5.png>
Package pdftex.def Info: images/backprop5.png used on input line 470.
(pdftex.def)             Requested size: 170.3478pt x 57.46518pt.

Overfull \hbox (156.66307pt too wide) has occurred while \output is active
 [][]  
 []

[39

 <./images/backprop3.png> <./images/backprop5.png>]
<images/backprop6.png, id=1271, 599.841pt x 208.49895pt>
File: images/backprop6.png Graphic file (type png)

<use images/backprop6.png>
Package pdftex.def Info: images/backprop6.png used on input line 481.
(pdftex.def)             Requested size: 204.41943pt x 71.05412pt.
pdfTeX warning (ext4): destination with the same identifier (name{fig:propagati
on5}) has been already used, duplicate ignored
<to be read again> 
                   \relax 
l.481 \end{frame}
                 
Overfull \hbox (156.66307pt too wide) has occurred while \output is active
 [][]  
 []

[40

 <./images/backprop6.png>]
<images/backprop7.png, id=1301, 1413.28pt x 836.12375pt>
File: images/backprop7.png Graphic file (type png)

<use images/backprop7.png>
Package pdftex.def Info: images/backprop7.png used on input line 493.
(pdftex.def)             Requested size: 136.27615pt x 80.6191pt.
pdfTeX warning (ext4): destination with the same identifier (name{fig:propagati
on5}) has been already used, duplicate ignored
<to be read again> 
                   \relax 
l.493 \end{frame}
                 
Overfull \hbox (156.66307pt too wide) has occurred while \output is active
 [][]  
 []

[41

 <./images/backprop7.png>]
Overfull \hbox (156.66307pt too wide) has occurred while \output is active
 [][]  
 []

[42

]
Overfull \hbox (156.66307pt too wide) has occurred while \output is active
 [][]  
 []

[43

]
Overfull \hbox (156.66307pt too wide) has occurred while \output is active
 [][]  
 []

[44

]
Overfull \hbox (156.66307pt too wide) has occurred while \output is active
 [][]  
 []

[45

]
Overfull \hbox (156.66307pt too wide) has occurred while \output is active
 [][]  
 []

[46

] <images/backpropagation.png, id=1472, 359.09157pt x 222.07968pt>
File: images/backpropagation.png Graphic file (type png)

<use images/backpropagation.png>
Package pdftex.def Info: images/backpropagation.png used on input line 570.
(pdftex.def)             Requested size: 272.55751pt x 168.57559pt.

Overfull \hbox (156.66307pt too wide) has occurred while \output is active
 [][]  
 []

[47

 <./images/backpropagation.png>]
<images/figure_1.png, id=1501, 578.16pt x 431.4519pt>
File: images/figure_1.png Graphic file (type png)

<use images/figure_1.png>
Package pdftex.def Info: images/figure_1.png used on input line 585.
(pdftex.def)             Requested size: 136.27615pt x 101.69405pt.
pdfTeX warning (ext4): destination with the same identifier (name{fig:principle
}) has been already used, duplicate ignored
<to be read again> 
                   \relax 
l.585 \end{frame}
                 
Overfull \hbox (156.66307pt too wide) has occurred while \output is active
 [][]  
 []

[48

 <./images/figure_1.png>]
<images/results.png, id=1530, 1059.96pt x 509.65407pt>
File: images/results.png Graphic file (type png)

<use images/results.png>
Package pdftex.def Info: images/results.png used on input line 593.
(pdftex.def)             Requested size: 340.6956pt x 163.81586pt.
pdfTeX warning (ext4): destination with the same identifier (name{fig:principle
}) has been already used, duplicate ignored
<to be read again> 
                   \relax 
l.593 \end{frame}
                 
Overfull \hbox (156.66307pt too wide) has occurred while \output is active
 [][]  
 []

[49

 <./images/results.png>]
<images/KSH-results.png, id=1560, 627.34375pt x 522.95375pt>
File: images/KSH-results.png Graphic file (type png)

<use images/KSH-results.png>
Package pdftex.def Info: images/KSH-results.png used on input line 620.
(pdftex.def)             Requested size: 136.27615pt x 113.59789pt.
pdfTeX warning (ext4): destination with the same identifier (name{fig:principle
}) has been already used, duplicate ignored
<to be read again> 
                   \relax 
l.620 \end{frame}
                 
Overfull \vbox (2.61607pt too high) detected at line 620
 []


Overfull \hbox (156.66307pt too wide) has occurred while \output is active
 [][]  
 []

[50

 <./images/KSH-results.png>]
<images/mnist.png, id=1589, 419.166pt x 314.3745pt>
File: images/mnist.png Graphic file (type png)
 <use images/mnist.png>
Package pdftex.def Info: images/mnist.png used on input line 630.
(pdftex.def)             Requested size: 136.27615pt x 102.20886pt.
pdfTeX warning (ext4): destination with the same identifier (name{fig:principle
}) has been already used, duplicate ignored
<to be read again> 
                   \relax 
l.630 \end{frame}
                 
Overfull \hbox (156.66307pt too wide) has occurred while \output is active
 [][]  
 []

[51

 <./images/mnist.png>]
\openout4 = `"Presentation Neuroscience.vrb"'.

 ("Presentation Neuroscience.vrb"
Overfull \hbox (210.54959pt too wide) in paragraph at lines 19--19
[]\OT1/cmtt/m/n/10 http://blog.christianperone.com/2015/08/convolutional-neural
-networks-and-feature-extraction-with-python/[] 
 []


Overfull \hbox (210.54959pt too wide) in paragraph at lines 19--19
[]\OT1/cmtt/m/n/10 http://futurehumanevolution.com/artificial-intelligence-futu
re-human-evolution/artificial-neural-networks[] 
 []


Overfull \hbox (1785.53586pt too wide) in paragraph at lines 19--19
[]\OT1/cmtt/m/n/10 https://bfeba431-a-62cb3a1a-s-sites.googlegroups.com/site/de
eplearningcvpr2014/ranzato_cvpr2014_DLtutorial.pdf?attachauth=ANoY7cpoT6OKao2g3
iqQB4JqrLBF4e9GfZ06wOsnqfD_Dy5aob09rA3XzGPQSysUphYafHjkncEfoJPPyab19s4v8tfQS65X
k57NWieQOFC1zrYR2O_0gUN1Bsb64TS6kucrQP2prHjwwO4-Bc_9IRzGfWtlSMUGL_SxZnW_uSJHNbC
zTQSfeZicjRxOCsBCNcA-4ifO2z8HaCqegyP8LQQGlp9gA7bPiIva1wxa69xKa7PB0iipEVWW180McZ
kDbBjefD0Thr13&attredirects=0[] 
 []


Overfull \hbox (131.80028pt too wide) in paragraph at lines 19--19
[]\OT1/cmtt/m/n/10 http://briandolhansky.com/blog/2013/9/27/artificial-neural-n
etworks-backpropagation-part-4[] 
 []


Overfull \hbox (32.05115pt too wide) in paragraph at lines 19--19
[]\OT1/cmtt/m/n/10 http://ufldl.stanford.edu/tutorial/supervised/MultiLayerNeur
alNetworks/[] 
 []


Overfull \hbox (16.30128pt too wide) in paragraph at lines 19--19
[]\OT1/cmtt/m/n/10 https://imiloainf.wordpress.com/2013/11/06/rectifier-nonline
arities/[] 
 []

)
Overfull \hbox (156.66307pt too wide) has occurred while \output is active
 [][]  
 []

[52

]
Overfull \hbox (156.66307pt too wide) has occurred while \output is active
 [][]  
 []

[53

]
Overfull \hbox (156.66307pt too wide) has occurred while \output is active
 [][]  
 []

[54

]
Overfull \hbox (156.66307pt too wide) has occurred while \output is active
 [][]  
 []

[55

] <images/convprob.png, id=1733, 924.45375pt x 561.09625pt>
File: images/convprob.png Graphic file (type png)

<use images/convprob.png>
Package pdftex.def Info: images/convprob.png used on input line 691.
(pdftex.def)             Requested size: 136.27615pt x 82.71388pt.
pdfTeX warning (ext4): destination with the same identifier (name{fig:principle
}) has been already used, duplicate ignored
<to be read again> 
                   \relax 
l.691 \end{frame}
                 
Overfull \hbox (156.66307pt too wide) has occurred while \output is active
 [][]  
 []

[56

 <./images/convprob.png>]
Overfull \hbox (156.66307pt too wide) has occurred while \output is active
 [][]  
 []

[57

]
Overfull \hbox (156.66307pt too wide) has occurred while \output is active
 [][]  
 []

[58

] <images/Kernelfunction.png, id=1818, 274.02374pt x 164.86594pt>
File: images/Kernelfunction.png Graphic file (type png)

<use images/Kernelfunction.png>
Package pdftex.def Info: images/Kernelfunction.png used on input line 738.
(pdftex.def)             Requested size: 136.27615pt x 81.99251pt.
pdfTeX warning (ext4): destination with the same identifier (name{fig:principle
}) has been already used, duplicate ignored
<to be read again> 
                   \relax 
l.738 \end{frame}
                 
Overfull \hbox (156.66307pt too wide) has occurred while \output is active
 [][]  
 []

[59

 <./images/Kernelfunction.png>]
Overfull \hbox (156.66307pt too wide) has occurred while \output is active
 [][]  
 []

[60

]
Overfull \hbox (156.66307pt too wide) has occurred while \output is active
 [][]  
 []

[61

]
Overfull \hbox (156.66307pt too wide) has occurred while \output is active
 [][]  
 []

[62

]
Overfull \hbox (156.66307pt too wide) has occurred while \output is active
 [][]  
 []

[63

]
Overfull \hbox (156.66307pt too wide) has occurred while \output is active
 [][]  
 []

[64

]
Overfull \hbox (156.66307pt too wide) has occurred while \output is active
 [][]  
 []

[65

]
\tf@nav=\write6
\openout6 = `"Presentation Neuroscience.nav"'.

\tf@toc=\write7
\openout7 = `"Presentation Neuroscience.toc"'.

\tf@snm=\write8
\openout8 = `"Presentation Neuroscience.snm"'.



Package movie15 Warning: @@@@@@@@@@@@@@@@@@@@@@@@@@@@@@@@@@@@@@@
(movie15)                @@ Package `movie15' is obsolete and @@
(movie15)                @@ superseded by `media9'.           @@
(movie15)                @@@@@@@@@@@@@@@@@@@@@@@@@@@@@@@@@@@@@@@.

Package atveryend Info: Empty hook `BeforeClearDocument' on input line 772.
Package atveryend Info: Empty hook `AfterLastShipout' on input line 772.
("Presentation Neuroscience.aux")
Package atveryend Info: Executing hook `AtVeryEndDocument' on input line 772.
Package atveryend Info: Executing hook `AtEndAfterFileList' on input line 772.


Package rerunfilecheck Warning: File `"Presentation Neuroscience".out' has chan
ged.
(rerunfilecheck)                Rerun to get outlines right
(rerunfilecheck)                or use package `bookmark'.

Package rerunfilecheck Info: Checksums for `"Presentation Neuroscience".out':
(rerunfilecheck)             Before: 148C8D2BCA5ADA9B34AFBE790DDFA1CE;839
(rerunfilecheck)             After:  9BC2420AE5B38F1E32B48EA625ACD855;839.

LaTeX Font Warning: Size substitutions with differences
(Font)              up to 1.0pt have occurred.


LaTeX Warning: There were multiply-defined labels.

 ) 
Here is how much of TeX's memory you used:
 20882 strings out of 493329
 384849 string characters out of 3139072
 481679 words of memory out of 3000000
 23745 multiletter control sequences out of 15000+200000
 19509 words of font info for 72 fonts, out of 3000000 for 9000
 1141 hyphenation exceptions out of 8191
 56i,16n,62p,812b,628s stack positions out of 5000i,500n,10000p,200000b,50000s
pdfTeX warning (dest): name{Navigation66} has been referenced but does not ex
ist, replaced by a fixed one

pdfTeX warning (dest): name{Outline0.4.1.51} has been referenced but does not e
xist, replaced by a fixed one

pdfTeX warning (dest): name{Outline0.3.4.36} has been referenced but does not e
xist, replaced by a fixed one

pdfTeX warning (dest): name{Outline0.3.3.35} has been referenced but does not e
xist, replaced by a fixed one

pdfTeX warning (dest): name{Outline0.3.2.34} has been referenced but does not e
xist, replaced by a fixed one

pdfTeX warning (dest): name{Outline0.3.1.33} has been referenced but does not e
xist, replaced by a fixed one

pdfTeX warning (dest): name{Outline0.2.3.22} has been referenced but does not e
xist, replaced by a fixed one

pdfTeX warning (dest): name{Outline0.2.2.15} has been referenced but does not e
xist, replaced by a fixed one

pdfTeX warning (dest): name{Outline0.2.1.7} has been referenced but does not ex
ist, replaced by a fixed one

pdfTeX warning (dest): name{Outline0.1.2.5} has been referenced but does not ex
ist, replaced by a fixed one

pdfTeX warning (dest): name{Outline0.1.1.4} has been referenced but does not ex
ist, replaced by a fixed one

<C:/Program Files/MiKTeX 2.9/fonts/type1/public/amsfonts/cm/cmex10.pfb><C:/Prog
ram Files/MiKTeX 2.9/fonts/type1/public/amsfonts/cm/cmmi10.pfb><C:/Program File
s/MiKTeX 2.9/fonts/type1/public/amsfonts/cm/cmmi12.pfb><C:/Program Files/MiKTeX
 2.9/fonts/type1/public/amsfonts/cm/cmmi8.pfb><C:/Program Files/MiKTeX 2.9/font
s/type1/public/amsfonts/cm/cmss10.pfb><C:/Program Files/MiKTeX 2.9/fonts/type1/
public/amsfonts/cm/cmss12.pfb><C:/Program Files/MiKTeX 2.9/fonts/type1/public/a
msfonts/cm/cmss17.pfb><C:/Program Files/MiKTeX 2.9/fonts/type1/public/amsfonts/
cm/cmss8.pfb><C:/Program Files/MiKTeX 2.9/fonts/type1/public/amsfonts/cm/cmssi1
0.pfb><C:/Program Files/MiKTeX 2.9/fonts/type1/public/amsfonts/cm/cmssi12.pfb><
C:/Program Files/MiKTeX 2.9/fonts/type1/public/amsfonts/cm/cmssi17.pfb><C:/Prog
ram Files/MiKTeX 2.9/fonts/type1/public/amsfonts/cm/cmssi8.pfb><C:/Program File
s/MiKTeX 2.9/fonts/type1/public/amsfonts/cm/cmsy10.pfb><C:/Program Files/MiKTeX
 2.9/fonts/type1/public/amsfonts/cm/cmtt10.pfb><C:/Program Files/MiKTeX 2.9/fon
ts/type1/public/amsfonts/cm/cmtt12.pfb><C:/Program Files/MiKTeX 2.9/fonts/type1
/public/amsfonts/cm/cmtt8.pfb>
Output written on "Presentation Neuroscience.pdf" (65 pages, 3690707 bytes).
PDF statistics:
 2103 PDF objects out of 2487 (max. 8388607)
 166 named destinations out of 1000 (max. 500000)
 405 words of extra memory for PDF output out of 10000 (max. 10000000)

